2022-09-06 09:48:04.565 INFO  org.springframework.nativex.NativeListener - AOT mode disabled
2022-09-06 09:48:04.748 INFO  com.itext.ItextApplicationKt - Starting ItextApplicationKt using Java 17.0.3.1 on HCMLW-dthoang1 with PID 22080 (D:\projects\spring-learning\itext\build\classes\kotlin\main started by dthoang1 in D:\projects\spring-learning)
2022-09-06 09:48:04.756 INFO  com.itext.ItextApplicationKt - No active profile set, falling back to 1 default profile: "default"
2022-09-06 09:48:04.910 INFO  org.springframework.boot.devtools.env.DevToolsPropertyDefaultsPostProcessor - Devtools property defaults active! Set 'spring.devtools.add-properties' to 'false' to disable
2022-09-06 09:48:04.911 INFO  org.springframework.boot.devtools.env.DevToolsPropertyDefaultsPostProcessor - For additional web related logging consider setting the 'logging.level.web' property to 'DEBUG'
2022-09-06 09:48:07.614 INFO  org.springframework.boot.web.embedded.tomcat.TomcatWebServer - Tomcat initialized with port(s): 9091 (http)
2022-09-06 09:48:07.650 INFO  org.apache.coyote.http11.Http11NioProtocol - Initializing ProtocolHandler ["http-nio-9091"]
2022-09-06 09:48:07.652 INFO  org.apache.catalina.core.StandardService - Starting service [Tomcat]
2022-09-06 09:48:07.653 INFO  org.apache.catalina.core.StandardEngine - Starting Servlet engine: [Apache Tomcat/9.0.65]
2022-09-06 09:48:07.831 INFO  org.apache.catalina.core.ContainerBase.[Tomcat].[localhost].[/itext] - Initializing Spring embedded WebApplicationContext
2022-09-06 09:48:07.831 INFO  org.springframework.boot.web.servlet.context.ServletWebServerApplicationContext - Root WebApplicationContext: initialization completed in 2917 ms
2022-09-06 09:48:09.613 DEBUG org.springframework.web.servlet.mvc.method.annotation.RequestMappingHandlerAdapter - ControllerAdvice beans: 0 @ModelAttribute, 0 @InitBinder, 1 RequestBodyAdvice, 1 ResponseBodyAdvice
2022-09-06 09:48:09.679 INFO  org.springframework.boot.autoconfigure.web.servlet.WelcomePageHandlerMapping - Adding welcome page template: index
2022-09-06 09:48:09.761 DEBUG org.springframework.web.servlet.mvc.method.annotation.RequestMappingHandlerMapping - 6 mappings in 'requestMappingHandlerMapping'
2022-09-06 09:48:09.798 DEBUG org.springframework.web.servlet.handler.SimpleUrlHandlerMapping - Patterns [/webjars/**, /**] in 'resourceHandlerMapping'
2022-09-06 09:48:09.840 DEBUG org.springframework.web.servlet.mvc.method.annotation.ExceptionHandlerExceptionResolver - ControllerAdvice beans: 0 @ExceptionHandler, 1 ResponseBodyAdvice
2022-09-06 09:48:10.049 INFO  org.springframework.boot.devtools.autoconfigure.OptionalLiveReloadServer - LiveReload server is running on port 35729
2022-09-06 09:48:10.095 INFO  org.apache.coyote.http11.Http11NioProtocol - Starting ProtocolHandler ["http-nio-9091"]
2022-09-06 09:48:10.136 INFO  org.springframework.boot.web.embedded.tomcat.TomcatWebServer - Tomcat started on port(s): 9091 (http) with context path '/itext'
2022-09-06 09:48:10.162 INFO  com.itext.ItextApplicationKt - Started ItextApplicationKt in 6.729 seconds (JVM running for 11.967)
2022-09-06 09:49:05.691 INFO  org.apache.catalina.core.ContainerBase.[Tomcat].[localhost].[/itext] - Initializing Spring DispatcherServlet 'dispatcherServlet'
2022-09-06 09:49:05.692 INFO  org.springframework.web.servlet.DispatcherServlet - Initializing Servlet 'dispatcherServlet'
2022-09-06 09:49:05.692 DEBUG org.springframework.web.servlet.DispatcherServlet - Detected StandardServletMultipartResolver
2022-09-06 09:49:05.693 DEBUG org.springframework.web.servlet.DispatcherServlet - Detected AcceptHeaderLocaleResolver
2022-09-06 09:49:05.694 DEBUG org.springframework.web.servlet.DispatcherServlet - Detected FixedThemeResolver
2022-09-06 09:49:05.697 DEBUG org.springframework.web.servlet.DispatcherServlet - Detected org.springframework.web.servlet.view.DefaultRequestToViewNameTranslator@79fa14ad
2022-09-06 09:49:05.698 DEBUG org.springframework.web.servlet.DispatcherServlet - Detected org.springframework.web.servlet.support.SessionFlashMapManager@10e0e109
2022-09-06 09:49:05.699 DEBUG org.springframework.web.servlet.DispatcherServlet - enableLoggingRequestDetails='false': request parameters and headers will be masked to prevent unsafe logging of potentially sensitive data
2022-09-06 09:49:05.700 INFO  org.springframework.web.servlet.DispatcherServlet - Completed initialization in 8 ms
2022-09-06 09:49:05.722 DEBUG org.springframework.web.servlet.DispatcherServlet - GET "/itext/api/exportPdf", parameters={}
2022-09-06 09:49:05.738 DEBUG org.springframework.web.servlet.mvc.method.annotation.RequestMappingHandlerMapping - Mapped to com.itext.controller.ApiController#exportPdf()
2022-09-06 09:49:05.759 INFO  com.itext.controller.ApiController - aaaa
2022-09-06 09:49:09.064 ERROR com.itextpdf.io.source.ByteUtils - Attempt to process NaN in PdfNumber or when writing to PDF. Zero value will be used as a fallback.
2022-09-06 09:49:09.065 ERROR com.itextpdf.io.source.ByteUtils - Attempt to process NaN in PdfNumber or when writing to PDF. Zero value will be used as a fallback.
2022-09-06 09:49:09.066 ERROR com.itextpdf.io.source.ByteUtils - Attempt to process NaN in PdfNumber or when writing to PDF. Zero value will be used as a fallback.
2022-09-06 09:49:09.067 ERROR com.itextpdf.io.source.ByteUtils - Attempt to process NaN in PdfNumber or when writing to PDF. Zero value will be used as a fallback.
2022-09-06 09:49:09.067 ERROR com.itextpdf.io.source.ByteUtils - Attempt to process NaN in PdfNumber or when writing to PDF. Zero value will be used as a fallback.
2022-09-06 09:49:09.067 ERROR com.itextpdf.io.source.ByteUtils - Attempt to process NaN in PdfNumber or when writing to PDF. Zero value will be used as a fallback.
2022-09-06 09:49:09.068 ERROR com.itextpdf.io.source.ByteUtils - Attempt to process NaN in PdfNumber or when writing to PDF. Zero value will be used as a fallback.
2022-09-06 09:49:09.068 ERROR com.itextpdf.io.source.ByteUtils - Attempt to process NaN in PdfNumber or when writing to PDF. Zero value will be used as a fallback.
2022-09-06 09:49:09.068 ERROR com.itextpdf.io.source.ByteUtils - Attempt to process NaN in PdfNumber or when writing to PDF. Zero value will be used as a fallback.
2022-09-06 09:49:09.069 ERROR com.itextpdf.io.source.ByteUtils - Attempt to process NaN in PdfNumber or when writing to PDF. Zero value will be used as a fallback.
2022-09-06 09:49:09.069 ERROR com.itextpdf.io.source.ByteUtils - Attempt to process NaN in PdfNumber or when writing to PDF. Zero value will be used as a fallback.
2022-09-06 09:49:09.069 ERROR com.itextpdf.io.source.ByteUtils - Attempt to process NaN in PdfNumber or when writing to PDF. Zero value will be used as a fallback.
2022-09-06 09:49:09.070 ERROR com.itextpdf.io.source.ByteUtils - Attempt to process NaN in PdfNumber or when writing to PDF. Zero value will be used as a fallback.
2022-09-06 09:49:09.071 ERROR com.itextpdf.io.source.ByteUtils - Attempt to process NaN in PdfNumber or when writing to PDF. Zero value will be used as a fallback.
2022-09-06 09:49:09.071 ERROR com.itextpdf.io.source.ByteUtils - Attempt to process NaN in PdfNumber or when writing to PDF. Zero value will be used as a fallback.
2022-09-06 09:49:09.071 ERROR com.itextpdf.io.source.ByteUtils - Attempt to process NaN in PdfNumber or when writing to PDF. Zero value will be used as a fallback.
2022-09-06 09:49:09.072 ERROR com.itextpdf.io.source.ByteUtils - Attempt to process NaN in PdfNumber or when writing to PDF. Zero value will be used as a fallback.
2022-09-06 09:49:09.072 ERROR com.itextpdf.io.source.ByteUtils - Attempt to process NaN in PdfNumber or when writing to PDF. Zero value will be used as a fallback.
2022-09-06 09:49:09.073 ERROR com.itextpdf.io.source.ByteUtils - Attempt to process NaN in PdfNumber or when writing to PDF. Zero value will be used as a fallback.
2022-09-06 09:49:09.073 ERROR com.itextpdf.io.source.ByteUtils - Attempt to process NaN in PdfNumber or when writing to PDF. Zero value will be used as a fallback.
2022-09-06 09:49:09.074 ERROR com.itextpdf.io.source.ByteUtils - Attempt to process NaN in PdfNumber or when writing to PDF. Zero value will be used as a fallback.
2022-09-06 09:49:09.074 ERROR com.itextpdf.io.source.ByteUtils - Attempt to process NaN in PdfNumber or when writing to PDF. Zero value will be used as a fallback.
2022-09-06 09:49:09.074 ERROR com.itextpdf.io.source.ByteUtils - Attempt to process NaN in PdfNumber or when writing to PDF. Zero value will be used as a fallback.
2022-09-06 09:49:09.075 ERROR com.itextpdf.io.source.ByteUtils - Attempt to process NaN in PdfNumber or when writing to PDF. Zero value will be used as a fallback.
2022-09-06 09:49:09.076 ERROR com.itextpdf.io.source.ByteUtils - Attempt to process NaN in PdfNumber or when writing to PDF. Zero value will be used as a fallback.
2022-09-06 09:49:09.078 ERROR com.itextpdf.io.source.ByteUtils - Attempt to process NaN in PdfNumber or when writing to PDF. Zero value will be used as a fallback.
2022-09-06 09:49:09.078 ERROR com.itextpdf.io.source.ByteUtils - Attempt to process NaN in PdfNumber or when writing to PDF. Zero value will be used as a fallback.
2022-09-06 09:49:09.078 ERROR com.itextpdf.io.source.ByteUtils - Attempt to process NaN in PdfNumber or when writing to PDF. Zero value will be used as a fallback.
2022-09-06 09:49:09.079 ERROR com.itextpdf.io.source.ByteUtils - Attempt to process NaN in PdfNumber or when writing to PDF. Zero value will be used as a fallback.
2022-09-06 09:49:09.079 ERROR com.itextpdf.io.source.ByteUtils - Attempt to process NaN in PdfNumber or when writing to PDF. Zero value will be used as a fallback.
2022-09-06 09:49:09.079 ERROR com.itextpdf.io.source.ByteUtils - Attempt to process NaN in PdfNumber or when writing to PDF. Zero value will be used as a fallback.
2022-09-06 09:49:09.080 ERROR com.itextpdf.io.source.ByteUtils - Attempt to process NaN in PdfNumber or when writing to PDF. Zero value will be used as a fallback.
2022-09-06 09:49:09.081 ERROR com.itextpdf.io.source.ByteUtils - Attempt to process NaN in PdfNumber or when writing to PDF. Zero value will be used as a fallback.
2022-09-06 09:49:09.082 ERROR com.itextpdf.io.source.ByteUtils - Attempt to process NaN in PdfNumber or when writing to PDF. Zero value will be used as a fallback.
2022-09-06 09:49:09.082 ERROR com.itextpdf.io.source.ByteUtils - Attempt to process NaN in PdfNumber or when writing to PDF. Zero value will be used as a fallback.
2022-09-06 09:49:09.082 ERROR com.itextpdf.io.source.ByteUtils - Attempt to process NaN in PdfNumber or when writing to PDF. Zero value will be used as a fallback.
2022-09-06 09:49:09.083 ERROR com.itextpdf.io.source.ByteUtils - Attempt to process NaN in PdfNumber or when writing to PDF. Zero value will be used as a fallback.
2022-09-06 09:49:09.084 ERROR com.itextpdf.io.source.ByteUtils - Attempt to process NaN in PdfNumber or when writing to PDF. Zero value will be used as a fallback.
2022-09-06 09:49:09.084 ERROR com.itextpdf.io.source.ByteUtils - Attempt to process NaN in PdfNumber or when writing to PDF. Zero value will be used as a fallback.
2022-09-06 09:49:09.085 ERROR com.itextpdf.io.source.ByteUtils - Attempt to process NaN in PdfNumber or when writing to PDF. Zero value will be used as a fallback.
2022-09-06 09:49:09.085 ERROR com.itextpdf.io.source.ByteUtils - Attempt to process NaN in PdfNumber or when writing to PDF. Zero value will be used as a fallback.
2022-09-06 09:49:09.085 ERROR com.itextpdf.io.source.ByteUtils - Attempt to process NaN in PdfNumber or when writing to PDF. Zero value will be used as a fallback.
2022-09-06 09:49:09.085 ERROR com.itextpdf.io.source.ByteUtils - Attempt to process NaN in PdfNumber or when writing to PDF. Zero value will be used as a fallback.
2022-09-06 09:49:09.086 ERROR com.itextpdf.io.source.ByteUtils - Attempt to process NaN in PdfNumber or when writing to PDF. Zero value will be used as a fallback.
2022-09-06 09:49:09.086 ERROR com.itextpdf.io.source.ByteUtils - Attempt to process NaN in PdfNumber or when writing to PDF. Zero value will be used as a fallback.
2022-09-06 09:49:09.086 ERROR com.itextpdf.io.source.ByteUtils - Attempt to process NaN in PdfNumber or when writing to PDF. Zero value will be used as a fallback.
2022-09-06 09:49:09.086 ERROR com.itextpdf.io.source.ByteUtils - Attempt to process NaN in PdfNumber or when writing to PDF. Zero value will be used as a fallback.
2022-09-06 09:49:09.087 ERROR com.itextpdf.io.source.ByteUtils - Attempt to process NaN in PdfNumber or when writing to PDF. Zero value will be used as a fallback.
2022-09-06 09:49:09.088 ERROR com.itextpdf.io.source.ByteUtils - Attempt to process NaN in PdfNumber or when writing to PDF. Zero value will be used as a fallback.
2022-09-06 09:49:09.088 ERROR com.itextpdf.io.source.ByteUtils - Attempt to process NaN in PdfNumber or when writing to PDF. Zero value will be used as a fallback.
2022-09-06 09:49:09.088 ERROR com.itextpdf.io.source.ByteUtils - Attempt to process NaN in PdfNumber or when writing to PDF. Zero value will be used as a fallback.
2022-09-06 09:49:09.090 ERROR com.itextpdf.io.source.ByteUtils - Attempt to process NaN in PdfNumber or when writing to PDF. Zero value will be used as a fallback.
2022-09-06 09:49:09.090 ERROR com.itextpdf.io.source.ByteUtils - Attempt to process NaN in PdfNumber or when writing to PDF. Zero value will be used as a fallback.
2022-09-06 09:49:09.090 ERROR com.itextpdf.io.source.ByteUtils - Attempt to process NaN in PdfNumber or when writing to PDF. Zero value will be used as a fallback.
2022-09-06 09:49:09.090 ERROR com.itextpdf.io.source.ByteUtils - Attempt to process NaN in PdfNumber or when writing to PDF. Zero value will be used as a fallback.
2022-09-06 09:49:09.090 ERROR com.itextpdf.io.source.ByteUtils - Attempt to process NaN in PdfNumber or when writing to PDF. Zero value will be used as a fallback.
2022-09-06 09:49:09.091 ERROR com.itextpdf.io.source.ByteUtils - Attempt to process NaN in PdfNumber or when writing to PDF. Zero value will be used as a fallback.
2022-09-06 09:49:09.091 ERROR com.itextpdf.io.source.ByteUtils - Attempt to process NaN in PdfNumber or when writing to PDF. Zero value will be used as a fallback.
2022-09-06 09:49:09.091 ERROR com.itextpdf.io.source.ByteUtils - Attempt to process NaN in PdfNumber or when writing to PDF. Zero value will be used as a fallback.
2022-09-06 09:49:09.092 ERROR com.itextpdf.io.source.ByteUtils - Attempt to process NaN in PdfNumber or when writing to PDF. Zero value will be used as a fallback.
2022-09-06 09:49:09.094 ERROR com.itextpdf.io.source.ByteUtils - Attempt to process NaN in PdfNumber or when writing to PDF. Zero value will be used as a fallback.
2022-09-06 09:49:09.095 ERROR com.itextpdf.io.source.ByteUtils - Attempt to process NaN in PdfNumber or when writing to PDF. Zero value will be used as a fallback.
2022-09-06 09:49:09.095 ERROR com.itextpdf.io.source.ByteUtils - Attempt to process NaN in PdfNumber or when writing to PDF. Zero value will be used as a fallback.
2022-09-06 09:49:09.096 ERROR com.itextpdf.io.source.ByteUtils - Attempt to process NaN in PdfNumber or when writing to PDF. Zero value will be used as a fallback.
2022-09-06 09:49:09.096 ERROR com.itextpdf.io.source.ByteUtils - Attempt to process NaN in PdfNumber or when writing to PDF. Zero value will be used as a fallback.
2022-09-06 09:49:09.096 ERROR com.itextpdf.io.source.ByteUtils - Attempt to process NaN in PdfNumber or when writing to PDF. Zero value will be used as a fallback.
2022-09-06 09:49:09.096 ERROR com.itextpdf.io.source.ByteUtils - Attempt to process NaN in PdfNumber or when writing to PDF. Zero value will be used as a fallback.
2022-09-06 09:49:09.097 ERROR com.itextpdf.io.source.ByteUtils - Attempt to process NaN in PdfNumber or when writing to PDF. Zero value will be used as a fallback.
2022-09-06 09:49:09.098 ERROR com.itextpdf.io.source.ByteUtils - Attempt to process NaN in PdfNumber or when writing to PDF. Zero value will be used as a fallback.
2022-09-06 09:49:09.099 ERROR com.itextpdf.io.source.ByteUtils - Attempt to process NaN in PdfNumber or when writing to PDF. Zero value will be used as a fallback.
2022-09-06 09:49:09.099 ERROR com.itextpdf.io.source.ByteUtils - Attempt to process NaN in PdfNumber or when writing to PDF. Zero value will be used as a fallback.
2022-09-06 09:49:09.100 ERROR com.itextpdf.io.source.ByteUtils - Attempt to process NaN in PdfNumber or when writing to PDF. Zero value will be used as a fallback.
2022-09-06 09:49:09.101 ERROR com.itextpdf.io.source.ByteUtils - Attempt to process NaN in PdfNumber or when writing to PDF. Zero value will be used as a fallback.
2022-09-06 09:49:09.102 ERROR com.itextpdf.io.source.ByteUtils - Attempt to process NaN in PdfNumber or when writing to PDF. Zero value will be used as a fallback.
2022-09-06 09:49:09.103 ERROR com.itextpdf.io.source.ByteUtils - Attempt to process NaN in PdfNumber or when writing to PDF. Zero value will be used as a fallback.
2022-09-06 09:49:09.103 ERROR com.itextpdf.io.source.ByteUtils - Attempt to process NaN in PdfNumber or when writing to PDF. Zero value will be used as a fallback.
2022-09-06 09:49:09.104 ERROR com.itextpdf.io.source.ByteUtils - Attempt to process NaN in PdfNumber or when writing to PDF. Zero value will be used as a fallback.
2022-09-06 09:49:09.104 ERROR com.itextpdf.io.source.ByteUtils - Attempt to process NaN in PdfNumber or when writing to PDF. Zero value will be used as a fallback.
2022-09-06 09:49:09.105 ERROR com.itextpdf.io.source.ByteUtils - Attempt to process NaN in PdfNumber or when writing to PDF. Zero value will be used as a fallback.
2022-09-06 09:49:09.105 ERROR com.itextpdf.io.source.ByteUtils - Attempt to process NaN in PdfNumber or when writing to PDF. Zero value will be used as a fallback.
2022-09-06 09:49:09.105 ERROR com.itextpdf.io.source.ByteUtils - Attempt to process NaN in PdfNumber or when writing to PDF. Zero value will be used as a fallback.
2022-09-06 09:49:09.106 ERROR com.itextpdf.io.source.ByteUtils - Attempt to process NaN in PdfNumber or when writing to PDF. Zero value will be used as a fallback.
2022-09-06 09:49:09.106 ERROR com.itextpdf.io.source.ByteUtils - Attempt to process NaN in PdfNumber or when writing to PDF. Zero value will be used as a fallback.
2022-09-06 09:49:09.107 ERROR com.itextpdf.io.source.ByteUtils - Attempt to process NaN in PdfNumber or when writing to PDF. Zero value will be used as a fallback.
2022-09-06 09:49:09.108 ERROR com.itextpdf.io.source.ByteUtils - Attempt to process NaN in PdfNumber or when writing to PDF. Zero value will be used as a fallback.
2022-09-06 09:49:09.109 ERROR com.itextpdf.io.source.ByteUtils - Attempt to process NaN in PdfNumber or when writing to PDF. Zero value will be used as a fallback.
2022-09-06 09:49:09.110 ERROR com.itextpdf.io.source.ByteUtils - Attempt to process NaN in PdfNumber or when writing to PDF. Zero value will be used as a fallback.
2022-09-06 09:49:09.111 ERROR com.itextpdf.io.source.ByteUtils - Attempt to process NaN in PdfNumber or when writing to PDF. Zero value will be used as a fallback.
2022-09-06 09:49:09.112 ERROR com.itextpdf.io.source.ByteUtils - Attempt to process NaN in PdfNumber or when writing to PDF. Zero value will be used as a fallback.
2022-09-06 09:49:09.112 ERROR com.itextpdf.io.source.ByteUtils - Attempt to process NaN in PdfNumber or when writing to PDF. Zero value will be used as a fallback.
2022-09-06 09:49:09.113 ERROR com.itextpdf.io.source.ByteUtils - Attempt to process NaN in PdfNumber or when writing to PDF. Zero value will be used as a fallback.
2022-09-06 09:49:09.114 ERROR com.itextpdf.io.source.ByteUtils - Attempt to process NaN in PdfNumber or when writing to PDF. Zero value will be used as a fallback.
2022-09-06 09:49:09.115 ERROR com.itextpdf.io.source.ByteUtils - Attempt to process NaN in PdfNumber or when writing to PDF. Zero value will be used as a fallback.
2022-09-06 09:49:09.116 ERROR com.itextpdf.io.source.ByteUtils - Attempt to process NaN in PdfNumber or when writing to PDF. Zero value will be used as a fallback.
2022-09-06 09:49:09.116 ERROR com.itextpdf.io.source.ByteUtils - Attempt to process NaN in PdfNumber or when writing to PDF. Zero value will be used as a fallback.
2022-09-06 09:49:09.117 ERROR com.itextpdf.io.source.ByteUtils - Attempt to process NaN in PdfNumber or when writing to PDF. Zero value will be used as a fallback.
2022-09-06 09:49:09.119 ERROR com.itextpdf.io.source.ByteUtils - Attempt to process NaN in PdfNumber or when writing to PDF. Zero value will be used as a fallback.
2022-09-06 09:49:09.119 ERROR com.itextpdf.io.source.ByteUtils - Attempt to process NaN in PdfNumber or when writing to PDF. Zero value will be used as a fallback.
2022-09-06 09:49:09.120 ERROR com.itextpdf.io.source.ByteUtils - Attempt to process NaN in PdfNumber or when writing to PDF. Zero value will be used as a fallback.
2022-09-06 09:49:09.120 ERROR com.itextpdf.io.source.ByteUtils - Attempt to process NaN in PdfNumber or when writing to PDF. Zero value will be used as a fallback.
2022-09-06 09:49:09.120 ERROR com.itextpdf.io.source.ByteUtils - Attempt to process NaN in PdfNumber or when writing to PDF. Zero value will be used as a fallback.
2022-09-06 09:49:09.120 ERROR com.itextpdf.io.source.ByteUtils - Attempt to process NaN in PdfNumber or when writing to PDF. Zero value will be used as a fallback.
2022-09-06 09:49:09.121 ERROR com.itextpdf.io.source.ByteUtils - Attempt to process NaN in PdfNumber or when writing to PDF. Zero value will be used as a fallback.
2022-09-06 09:49:09.121 ERROR com.itextpdf.io.source.ByteUtils - Attempt to process NaN in PdfNumber or when writing to PDF. Zero value will be used as a fallback.
2022-09-06 09:49:09.121 ERROR com.itextpdf.io.source.ByteUtils - Attempt to process NaN in PdfNumber or when writing to PDF. Zero value will be used as a fallback.
2022-09-06 09:49:09.121 ERROR com.itextpdf.io.source.ByteUtils - Attempt to process NaN in PdfNumber or when writing to PDF. Zero value will be used as a fallback.
2022-09-06 09:49:09.122 ERROR com.itextpdf.io.source.ByteUtils - Attempt to process NaN in PdfNumber or when writing to PDF. Zero value will be used as a fallback.
2022-09-06 09:49:09.122 ERROR com.itextpdf.io.source.ByteUtils - Attempt to process NaN in PdfNumber or when writing to PDF. Zero value will be used as a fallback.
2022-09-06 09:49:09.123 ERROR com.itextpdf.io.source.ByteUtils - Attempt to process NaN in PdfNumber or when writing to PDF. Zero value will be used as a fallback.
2022-09-06 09:49:09.123 ERROR com.itextpdf.io.source.ByteUtils - Attempt to process NaN in PdfNumber or when writing to PDF. Zero value will be used as a fallback.
2022-09-06 09:49:09.123 ERROR com.itextpdf.io.source.ByteUtils - Attempt to process NaN in PdfNumber or when writing to PDF. Zero value will be used as a fallback.
2022-09-06 09:49:09.123 ERROR com.itextpdf.io.source.ByteUtils - Attempt to process NaN in PdfNumber or when writing to PDF. Zero value will be used as a fallback.
2022-09-06 09:49:09.123 ERROR com.itextpdf.io.source.ByteUtils - Attempt to process NaN in PdfNumber or when writing to PDF. Zero value will be used as a fallback.
2022-09-06 09:49:09.123 ERROR com.itextpdf.io.source.ByteUtils - Attempt to process NaN in PdfNumber or when writing to PDF. Zero value will be used as a fallback.
2022-09-06 09:49:09.124 ERROR com.itextpdf.io.source.ByteUtils - Attempt to process NaN in PdfNumber or when writing to PDF. Zero value will be used as a fallback.
2022-09-06 09:49:09.124 ERROR com.itextpdf.io.source.ByteUtils - Attempt to process NaN in PdfNumber or when writing to PDF. Zero value will be used as a fallback.
2022-09-06 09:49:09.125 ERROR com.itextpdf.io.source.ByteUtils - Attempt to process NaN in PdfNumber or when writing to PDF. Zero value will be used as a fallback.
2022-09-06 09:49:09.126 ERROR com.itextpdf.io.source.ByteUtils - Attempt to process NaN in PdfNumber or when writing to PDF. Zero value will be used as a fallback.
2022-09-06 09:49:09.127 ERROR com.itextpdf.io.source.ByteUtils - Attempt to process NaN in PdfNumber or when writing to PDF. Zero value will be used as a fallback.
2022-09-06 09:49:09.128 ERROR com.itextpdf.io.source.ByteUtils - Attempt to process NaN in PdfNumber or when writing to PDF. Zero value will be used as a fallback.
2022-09-06 09:49:09.129 ERROR com.itextpdf.io.source.ByteUtils - Attempt to process NaN in PdfNumber or when writing to PDF. Zero value will be used as a fallback.
2022-09-06 09:49:09.129 ERROR com.itextpdf.io.source.ByteUtils - Attempt to process NaN in PdfNumber or when writing to PDF. Zero value will be used as a fallback.
2022-09-06 09:49:09.129 ERROR com.itextpdf.io.source.ByteUtils - Attempt to process NaN in PdfNumber or when writing to PDF. Zero value will be used as a fallback.
2022-09-06 09:49:09.130 ERROR com.itextpdf.io.source.ByteUtils - Attempt to process NaN in PdfNumber or when writing to PDF. Zero value will be used as a fallback.
2022-09-06 09:49:09.130 ERROR com.itextpdf.io.source.ByteUtils - Attempt to process NaN in PdfNumber or when writing to PDF. Zero value will be used as a fallback.
2022-09-06 09:49:09.130 ERROR com.itextpdf.io.source.ByteUtils - Attempt to process NaN in PdfNumber or when writing to PDF. Zero value will be used as a fallback.
2022-09-06 09:49:09.130 ERROR com.itextpdf.io.source.ByteUtils - Attempt to process NaN in PdfNumber or when writing to PDF. Zero value will be used as a fallback.
2022-09-06 09:49:09.130 ERROR com.itextpdf.io.source.ByteUtils - Attempt to process NaN in PdfNumber or when writing to PDF. Zero value will be used as a fallback.
2022-09-06 09:49:09.131 ERROR com.itextpdf.io.source.ByteUtils - Attempt to process NaN in PdfNumber or when writing to PDF. Zero value will be used as a fallback.
2022-09-06 09:49:09.131 ERROR com.itextpdf.io.source.ByteUtils - Attempt to process NaN in PdfNumber or when writing to PDF. Zero value will be used as a fallback.
2022-09-06 09:49:09.131 ERROR com.itextpdf.io.source.ByteUtils - Attempt to process NaN in PdfNumber or when writing to PDF. Zero value will be used as a fallback.
2022-09-06 09:49:09.131 ERROR com.itextpdf.io.source.ByteUtils - Attempt to process NaN in PdfNumber or when writing to PDF. Zero value will be used as a fallback.
2022-09-06 09:49:09.752 DEBUG org.springframework.web.servlet.mvc.method.annotation.HttpEntityMethodProcessor - Found 'Content-Type:application/pdf' in response
2022-09-06 09:49:09.753 DEBUG org.springframework.web.servlet.mvc.method.annotation.HttpEntityMethodProcessor - Writing [InputStream resource [resource loaded through InputStream]]
2022-09-06 09:49:09.794 DEBUG org.springframework.web.servlet.DispatcherServlet - Completed 200 OK
