2022-09-08 10:28:31.838 INFO  org.springframework.nativex.NativeListener - AOT mode disabled
2022-09-08 10:28:31.907 INFO  com.itext.ItextApplicationKt - Starting ItextApplicationKt using Java 17.0.1 on MacBook-Pro-cua-dinh.local with PID 48453 (/Users/dinhhoang/Documents/Develop/projects/spring-learning/itext/build/classes/kotlin/main started by dinhhoang in /Users/dinhhoang/Documents/Develop/projects/spring-learning)
2022-09-08 10:28:31.910 INFO  com.itext.ItextApplicationKt - No active profile set, falling back to 1 default profile: "default"
2022-09-08 10:28:31.951 INFO  org.springframework.boot.devtools.env.DevToolsPropertyDefaultsPostProcessor - Devtools property defaults active! Set 'spring.devtools.add-properties' to 'false' to disable
2022-09-08 10:28:31.951 INFO  org.springframework.boot.devtools.env.DevToolsPropertyDefaultsPostProcessor - For additional web related logging consider setting the 'logging.level.web' property to 'DEBUG'
2022-09-08 10:28:32.805 INFO  org.springframework.boot.web.embedded.tomcat.TomcatWebServer - Tomcat initialized with port(s): 9091 (http)
2022-09-08 10:28:32.816 INFO  org.apache.coyote.http11.Http11NioProtocol - Initializing ProtocolHandler ["http-nio-9091"]
2022-09-08 10:28:32.816 INFO  org.apache.catalina.core.StandardService - Starting service [Tomcat]
2022-09-08 10:28:32.817 INFO  org.apache.catalina.core.StandardEngine - Starting Servlet engine: [Apache Tomcat/9.0.65]
2022-09-08 10:28:32.898 INFO  org.apache.catalina.core.ContainerBase.[Tomcat].[localhost].[/itext] - Initializing Spring embedded WebApplicationContext
2022-09-08 10:28:32.898 INFO  org.springframework.boot.web.servlet.context.ServletWebServerApplicationContext - Root WebApplicationContext: initialization completed in 946 ms
2022-09-08 10:28:33.059 DEBUG org.springframework.web.servlet.mvc.method.annotation.RequestMappingHandlerAdapter - ControllerAdvice beans: 0 @ModelAttribute, 0 @InitBinder, 1 RequestBodyAdvice, 1 ResponseBodyAdvice
2022-09-08 10:28:33.102 INFO  org.springframework.boot.autoconfigure.web.servlet.WelcomePageHandlerMapping - Adding welcome page template: index
2022-09-08 10:28:33.155 DEBUG org.springframework.web.servlet.mvc.method.annotation.RequestMappingHandlerMapping - 6 mappings in 'requestMappingHandlerMapping'
2022-09-08 10:28:33.169 DEBUG org.springframework.web.servlet.handler.SimpleUrlHandlerMapping - Patterns [/webjars/**, /**] in 'resourceHandlerMapping'
2022-09-08 10:28:33.181 DEBUG org.springframework.web.servlet.mvc.method.annotation.ExceptionHandlerExceptionResolver - ControllerAdvice beans: 0 @ExceptionHandler, 1 ResponseBodyAdvice
2022-09-08 10:28:33.235 INFO  org.springframework.boot.devtools.autoconfigure.OptionalLiveReloadServer - LiveReload server is running on port 35729
2022-09-08 10:28:33.244 INFO  org.apache.coyote.http11.Http11NioProtocol - Starting ProtocolHandler ["http-nio-9091"]
2022-09-08 10:28:33.252 INFO  org.springframework.boot.web.embedded.tomcat.TomcatWebServer - Tomcat started on port(s): 9091 (http) with context path '/itext'
2022-09-08 10:28:33.259 INFO  com.itext.ItextApplicationKt - Started ItextApplicationKt in 1.634 seconds (JVM running for 2.091)
2022-09-08 10:32:10.873 INFO  org.apache.catalina.core.ContainerBase.[Tomcat].[localhost].[/itext] - Initializing Spring DispatcherServlet 'dispatcherServlet'
2022-09-08 10:32:10.874 INFO  org.springframework.web.servlet.DispatcherServlet - Initializing Servlet 'dispatcherServlet'
2022-09-08 10:32:10.875 DEBUG org.springframework.web.servlet.DispatcherServlet - Detected StandardServletMultipartResolver
2022-09-08 10:32:10.875 DEBUG org.springframework.web.servlet.DispatcherServlet - Detected AcceptHeaderLocaleResolver
2022-09-08 10:32:10.875 DEBUG org.springframework.web.servlet.DispatcherServlet - Detected FixedThemeResolver
2022-09-08 10:32:10.879 DEBUG org.springframework.web.servlet.DispatcherServlet - Detected org.springframework.web.servlet.view.DefaultRequestToViewNameTranslator@f3ee09f
2022-09-08 10:32:10.879 DEBUG org.springframework.web.servlet.DispatcherServlet - Detected org.springframework.web.servlet.support.SessionFlashMapManager@59643b42
2022-09-08 10:32:10.879 DEBUG org.springframework.web.servlet.DispatcherServlet - enableLoggingRequestDetails='false': request parameters and headers will be masked to prevent unsafe logging of potentially sensitive data
2022-09-08 10:32:10.880 INFO  org.springframework.web.servlet.DispatcherServlet - Completed initialization in 6 ms
2022-09-08 10:32:10.886 DEBUG org.springframework.web.servlet.DispatcherServlet - GET "/itext/api/exportPdf", parameters={}
2022-09-08 10:32:10.890 DEBUG org.springframework.web.servlet.mvc.method.annotation.RequestMappingHandlerMapping - Mapped to com.itext.controller.ApiController#exportPdf()
2022-09-08 10:32:10.895 INFO  com.itext.controller.ApiController - aaaa
2022-09-08 10:32:11.091 DEBUG org.springframework.web.servlet.DispatcherServlet - Failed to complete request: java.lang.IllegalStateException: FontProvider and FontSet are empty. Cannot resolve font family name (see ElementPropertyContainer#setFontFamily) without initialized FontProvider (see RootElement#setFontProvider).
2022-09-08 10:32:11.094 ERROR org.apache.catalina.core.ContainerBase.[Tomcat].[localhost].[/itext].[dispatcherServlet] - Servlet.service() for servlet [dispatcherServlet] in context with path [/itext] threw exception [Request processing failed; nested exception is java.lang.IllegalStateException: FontProvider and FontSet are empty. Cannot resolve font family name (see ElementPropertyContainer#setFontFamily) without initialized FontProvider (see RootElement#setFontProvider).] with root cause
java.lang.IllegalStateException: FontProvider and FontSet are empty. Cannot resolve font family name (see ElementPropertyContainer#setFontFamily) without initialized FontProvider (see RootElement#setFontProvider).
	at com.itextpdf.layout.renderer.AbstractRenderer.resolveFirstPdfFont(AbstractRenderer.java:2494) ~[layout-7.2.2.jar:?]
	at com.itextpdf.layout.renderer.LineHeightHelper.getFontAscenderDescenderNormalized(LineHeightHelper.java:49) ~[layout-7.2.2.jar:?]
	at com.itextpdf.layout.renderer.LineHeightHelper.calculateLineHeight(LineHeightHelper.java:63) ~[layout-7.2.2.jar:?]
	at com.itextpdf.layout.renderer.LineHeightHelper.getActualAscenderDescender(LineHeightHelper.java:40) ~[layout-7.2.2.jar:?]
	at com.itextpdf.layout.renderer.LineRenderer.layout(LineRenderer.java:150) ~[layout-7.2.2.jar:?]
	at com.itextpdf.layout.renderer.ParagraphRenderer.directLayout(ParagraphRenderer.java:234) ~[layout-7.2.2.jar:?]
	at com.itextpdf.layout.renderer.ParagraphRenderer.layout(ParagraphRenderer.java:106) ~[layout-7.2.2.jar:?]
	at com.itextpdf.layout.renderer.BlockRenderer.layout(BlockRenderer.java:243) ~[layout-7.2.2.jar:?]
	at com.itextpdf.layout.renderer.RootRenderer.addChild(RootRenderer.java:268) ~[layout-7.2.2.jar:?]
	at com.itextpdf.layout.renderer.CanvasRenderer.addChild(CanvasRenderer.java:90) ~[layout-7.2.2.jar:?]
	at com.itextpdf.layout.RootElement.createAndAddRendererSubTree(RootElement.java:367) ~[layout-7.2.2.jar:?]
	at com.itextpdf.layout.RootElement.addElement(RootElement.java:376) ~[layout-7.2.2.jar:?]
	at com.itextpdf.layout.RootElement.add(RootElement.java:105) ~[layout-7.2.2.jar:?]
	at com.itextpdf.layout.RootElement.showTextAligned(RootElement.java:354) ~[layout-7.2.2.jar:?]
	at com.itextpdf.layout.RootElement.showTextAligned(RootElement.java:290) ~[layout-7.2.2.jar:?]
	at com.itext.pdf.service.Footer.handleEvent(Footer.kt:36) ~[main/:?]
	at com.itextpdf.kernel.events.EventDispatcher.dispatchEvent(EventDispatcher.java:81) ~[kernel-7.2.2.jar:?]
	at com.itextpdf.kernel.events.EventDispatcher.dispatchEvent(EventDispatcher.java:73) ~[kernel-7.2.2.jar:?]
	at com.itextpdf.kernel.pdf.PdfDocument.dispatchEvent(PdfDocument.java:736) ~[kernel-7.2.2.jar:?]
	at com.itextpdf.kernel.pdf.PdfPage.flush(PdfPage.java:513) ~[kernel-7.2.2.jar:?]
	at com.itextpdf.kernel.pdf.PdfPage.flush(PdfPage.java:487) ~[kernel-7.2.2.jar:?]
	at com.itextpdf.kernel.pdf.PdfDocument.close(PdfDocument.java:960) ~[kernel-7.2.2.jar:?]
	at com.itextpdf.layout.Document.close(Document.java:117) ~[layout-7.2.2.jar:?]
	at com.itext.pdf.PDFGenerator.getPdfReport(PDFGenerator.kt:47) ~[main/:?]
	at com.itext.controller.ApiController.exportPdf(ApiController.kt:59) ~[main/:?]
	at jdk.internal.reflect.NativeMethodAccessorImpl.invoke0(Native Method) ~[?:?]
	at jdk.internal.reflect.NativeMethodAccessorImpl.invoke(NativeMethodAccessorImpl.java:77) ~[?:?]
	at jdk.internal.reflect.DelegatingMethodAccessorImpl.invoke(DelegatingMethodAccessorImpl.java:43) ~[?:?]
	at java.lang.reflect.Method.invoke(Method.java:568) ~[?:?]
	at org.springframework.web.method.support.InvocableHandlerMethod.doInvoke(InvocableHandlerMethod.java:205) ~[spring-web-5.3.22.jar:5.3.22]
	at org.springframework.web.method.support.InvocableHandlerMethod.invokeForRequest(InvocableHandlerMethod.java:150) ~[spring-web-5.3.22.jar:5.3.22]
	at org.springframework.web.servlet.mvc.method.annotation.ServletInvocableHandlerMethod.invokeAndHandle(ServletInvocableHandlerMethod.java:117) ~[spring-webmvc-5.3.22.jar:5.3.22]
	at org.springframework.web.servlet.mvc.method.annotation.RequestMappingHandlerAdapter.invokeHandlerMethod(RequestMappingHandlerAdapter.java:895) ~[spring-webmvc-5.3.22.jar:5.3.22]
	at org.springframework.web.servlet.mvc.method.annotation.RequestMappingHandlerAdapter.handleInternal(RequestMappingHandlerAdapter.java:808) ~[spring-webmvc-5.3.22.jar:5.3.22]
	at org.springframework.web.servlet.mvc.method.AbstractHandlerMethodAdapter.handle(AbstractHandlerMethodAdapter.java:87) ~[spring-webmvc-5.3.22.jar:5.3.22]
	at org.springframework.web.servlet.DispatcherServlet.doDispatch(DispatcherServlet.java:1070) ~[spring-webmvc-5.3.22.jar:5.3.22]
	at org.springframework.web.servlet.DispatcherServlet.doService(DispatcherServlet.java:963) ~[spring-webmvc-5.3.22.jar:5.3.22]
	at org.springframework.web.servlet.FrameworkServlet.processRequest(FrameworkServlet.java:1006) ~[spring-webmvc-5.3.22.jar:5.3.22]
	at org.springframework.web.servlet.FrameworkServlet.doGet(FrameworkServlet.java:898) ~[spring-webmvc-5.3.22.jar:5.3.22]
	at javax.servlet.http.HttpServlet.service(HttpServlet.java:655) ~[tomcat-embed-core-9.0.65.jar:4.0.FR]
	at org.springframework.web.servlet.FrameworkServlet.service(FrameworkServlet.java:883) ~[spring-webmvc-5.3.22.jar:5.3.22]
	at javax.servlet.http.HttpServlet.service(HttpServlet.java:764) ~[tomcat-embed-core-9.0.65.jar:4.0.FR]
	at org.apache.catalina.core.ApplicationFilterChain.internalDoFilter(ApplicationFilterChain.java:227) ~[tomcat-embed-core-9.0.65.jar:9.0.65]
	at org.apache.catalina.core.ApplicationFilterChain.doFilter(ApplicationFilterChain.java:162) ~[tomcat-embed-core-9.0.65.jar:9.0.65]
	at org.apache.tomcat.websocket.server.WsFilter.doFilter(WsFilter.java:53) ~[tomcat-embed-websocket-9.0.65.jar:9.0.65]
	at org.apache.catalina.core.ApplicationFilterChain.internalDoFilter(ApplicationFilterChain.java:189) ~[tomcat-embed-core-9.0.65.jar:9.0.65]
	at org.apache.catalina.core.ApplicationFilterChain.doFilter(ApplicationFilterChain.java:162) ~[tomcat-embed-core-9.0.65.jar:9.0.65]
	at org.springframework.web.filter.RequestContextFilter.doFilterInternal(RequestContextFilter.java:100) ~[spring-web-5.3.22.jar:5.3.22]
	at org.springframework.web.filter.OncePerRequestFilter.doFilter(OncePerRequestFilter.java:117) ~[spring-web-5.3.22.jar:5.3.22]
	at org.apache.catalina.core.ApplicationFilterChain.internalDoFilter(ApplicationFilterChain.java:189) ~[tomcat-embed-core-9.0.65.jar:9.0.65]
	at org.apache.catalina.core.ApplicationFilterChain.doFilter(ApplicationFilterChain.java:162) ~[tomcat-embed-core-9.0.65.jar:9.0.65]
	at org.springframework.web.filter.FormContentFilter.doFilterInternal(FormContentFilter.java:93) ~[spring-web-5.3.22.jar:5.3.22]
	at org.springframework.web.filter.OncePerRequestFilter.doFilter(OncePerRequestFilter.java:117) ~[spring-web-5.3.22.jar:5.3.22]
	at org.apache.catalina.core.ApplicationFilterChain.internalDoFilter(ApplicationFilterChain.java:189) ~[tomcat-embed-core-9.0.65.jar:9.0.65]
	at org.apache.catalina.core.ApplicationFilterChain.doFilter(ApplicationFilterChain.java:162) ~[tomcat-embed-core-9.0.65.jar:9.0.65]
	at org.springframework.web.filter.CharacterEncodingFilter.doFilterInternal(CharacterEncodingFilter.java:201) ~[spring-web-5.3.22.jar:5.3.22]
	at org.springframework.web.filter.OncePerRequestFilter.doFilter(OncePerRequestFilter.java:117) ~[spring-web-5.3.22.jar:5.3.22]
	at org.apache.catalina.core.ApplicationFilterChain.internalDoFilter(ApplicationFilterChain.java:189) ~[tomcat-embed-core-9.0.65.jar:9.0.65]
	at org.apache.catalina.core.ApplicationFilterChain.doFilter(ApplicationFilterChain.java:162) ~[tomcat-embed-core-9.0.65.jar:9.0.65]
	at org.apache.catalina.core.StandardWrapperValve.invoke(StandardWrapperValve.java:197) ~[tomcat-embed-core-9.0.65.jar:9.0.65]
	at org.apache.catalina.core.StandardContextValve.invoke(StandardContextValve.java:97) ~[tomcat-embed-core-9.0.65.jar:9.0.65]
	at org.apache.catalina.authenticator.AuthenticatorBase.invoke(AuthenticatorBase.java:541) ~[tomcat-embed-core-9.0.65.jar:9.0.65]
	at org.apache.catalina.core.StandardHostValve.invoke(StandardHostValve.java:135) ~[tomcat-embed-core-9.0.65.jar:9.0.65]
	at org.apache.catalina.valves.ErrorReportValve.invoke(ErrorReportValve.java:92) ~[tomcat-embed-core-9.0.65.jar:9.0.65]
	at org.apache.catalina.core.StandardEngineValve.invoke(StandardEngineValve.java:78) ~[tomcat-embed-core-9.0.65.jar:9.0.65]
	at org.apache.catalina.connector.CoyoteAdapter.service(CoyoteAdapter.java:360) ~[tomcat-embed-core-9.0.65.jar:9.0.65]
	at org.apache.coyote.http11.Http11Processor.service(Http11Processor.java:399) ~[tomcat-embed-core-9.0.65.jar:9.0.65]
	at org.apache.coyote.AbstractProcessorLight.process(AbstractProcessorLight.java:65) ~[tomcat-embed-core-9.0.65.jar:9.0.65]
	at org.apache.coyote.AbstractProtocol$ConnectionHandler.process(AbstractProtocol.java:890) ~[tomcat-embed-core-9.0.65.jar:9.0.65]
	at org.apache.tomcat.util.net.NioEndpoint$SocketProcessor.doRun(NioEndpoint.java:1789) ~[tomcat-embed-core-9.0.65.jar:9.0.65]
	at org.apache.tomcat.util.net.SocketProcessorBase.run(SocketProcessorBase.java:49) ~[tomcat-embed-core-9.0.65.jar:9.0.65]
	at org.apache.tomcat.util.threads.ThreadPoolExecutor.runWorker(ThreadPoolExecutor.java:1191) ~[tomcat-embed-core-9.0.65.jar:9.0.65]
	at org.apache.tomcat.util.threads.ThreadPoolExecutor$Worker.run(ThreadPoolExecutor.java:659) ~[tomcat-embed-core-9.0.65.jar:9.0.65]
	at org.apache.tomcat.util.threads.TaskThread$WrappingRunnable.run(TaskThread.java:61) ~[tomcat-embed-core-9.0.65.jar:9.0.65]
	at java.lang.Thread.run(Thread.java:833) ~[?:?]
2022-09-08 10:32:11.105 DEBUG org.springframework.web.servlet.DispatcherServlet - "ERROR" dispatch for GET "/itext/error", parameters={}
2022-09-08 10:32:11.107 DEBUG org.springframework.web.servlet.mvc.method.annotation.RequestMappingHandlerMapping - Mapped to org.springframework.boot.autoconfigure.web.servlet.error.BasicErrorController#error(HttpServletRequest)
2022-09-08 10:32:11.136 DEBUG org.springframework.web.servlet.mvc.method.annotation.HttpEntityMethodProcessor - Using 'application/json', given [*/*] and supported [application/json, application/*+json, application/json, application/*+json]
2022-09-08 10:32:11.137 DEBUG org.springframework.web.servlet.mvc.method.annotation.HttpEntityMethodProcessor - Writing [{timestamp=Thu Sep 08 10:32:11 ICT 2022, status=500, error=Internal Server Error, trace=java.lang.Il (truncated)...]
2022-09-08 10:32:11.165 DEBUG org.springframework.web.servlet.DispatcherServlet - Exiting from "ERROR" dispatch, status 500
2022-09-08 10:37:04.036 INFO  org.springframework.nativex.NativeListener - AOT mode disabled
2022-09-08 10:37:04.093 INFO  com.itext.ItextApplicationKt - Starting ItextApplicationKt using Java 17.0.1 on MacBook-Pro-cua-dinh.local with PID 48545 (/Users/dinhhoang/Documents/Develop/projects/spring-learning/itext/build/classes/kotlin/main started by dinhhoang in /Users/dinhhoang/Documents/Develop/projects/spring-learning)
2022-09-08 10:37:04.095 INFO  com.itext.ItextApplicationKt - No active profile set, falling back to 1 default profile: "default"
2022-09-08 10:37:04.125 INFO  org.springframework.boot.devtools.env.DevToolsPropertyDefaultsPostProcessor - Devtools property defaults active! Set 'spring.devtools.add-properties' to 'false' to disable
2022-09-08 10:37:04.125 INFO  org.springframework.boot.devtools.env.DevToolsPropertyDefaultsPostProcessor - For additional web related logging consider setting the 'logging.level.web' property to 'DEBUG'
2022-09-08 10:37:04.727 INFO  org.springframework.boot.web.embedded.tomcat.TomcatWebServer - Tomcat initialized with port(s): 9091 (http)
2022-09-08 10:37:04.734 INFO  org.apache.coyote.http11.Http11NioProtocol - Initializing ProtocolHandler ["http-nio-9091"]
2022-09-08 10:37:04.735 INFO  org.apache.catalina.core.StandardService - Starting service [Tomcat]
2022-09-08 10:37:04.735 INFO  org.apache.catalina.core.StandardEngine - Starting Servlet engine: [Apache Tomcat/9.0.65]
2022-09-08 10:37:04.784 INFO  org.apache.catalina.core.ContainerBase.[Tomcat].[localhost].[/itext] - Initializing Spring embedded WebApplicationContext
2022-09-08 10:37:04.784 INFO  org.springframework.boot.web.servlet.context.ServletWebServerApplicationContext - Root WebApplicationContext: initialization completed in 658 ms
2022-09-08 10:37:04.913 DEBUG org.springframework.web.servlet.mvc.method.annotation.RequestMappingHandlerAdapter - ControllerAdvice beans: 0 @ModelAttribute, 0 @InitBinder, 1 RequestBodyAdvice, 1 ResponseBodyAdvice
2022-09-08 10:37:04.931 INFO  org.springframework.boot.autoconfigure.web.servlet.WelcomePageHandlerMapping - Adding welcome page template: index
2022-09-08 10:37:04.952 DEBUG org.springframework.web.servlet.mvc.method.annotation.RequestMappingHandlerMapping - 6 mappings in 'requestMappingHandlerMapping'
2022-09-08 10:37:04.961 DEBUG org.springframework.web.servlet.handler.SimpleUrlHandlerMapping - Patterns [/webjars/**, /**] in 'resourceHandlerMapping'
2022-09-08 10:37:04.971 DEBUG org.springframework.web.servlet.mvc.method.annotation.ExceptionHandlerExceptionResolver - ControllerAdvice beans: 0 @ExceptionHandler, 1 ResponseBodyAdvice
2022-09-08 10:37:05.029 INFO  org.springframework.boot.devtools.autoconfigure.OptionalLiveReloadServer - LiveReload server is running on port 35729
2022-09-08 10:37:05.041 INFO  org.apache.coyote.http11.Http11NioProtocol - Starting ProtocolHandler ["http-nio-9091"]
2022-09-08 10:37:05.052 INFO  org.springframework.boot.web.embedded.tomcat.TomcatWebServer - Tomcat started on port(s): 9091 (http) with context path '/itext'
2022-09-08 10:37:05.058 INFO  com.itext.ItextApplicationKt - Started ItextApplicationKt in 1.254 seconds (JVM running for 1.774)
2022-09-08 10:37:20.416 INFO  org.apache.catalina.core.ContainerBase.[Tomcat].[localhost].[/itext] - Initializing Spring DispatcherServlet 'dispatcherServlet'
2022-09-08 10:37:20.417 INFO  org.springframework.web.servlet.DispatcherServlet - Initializing Servlet 'dispatcherServlet'
2022-09-08 10:37:20.417 DEBUG org.springframework.web.servlet.DispatcherServlet - Detected StandardServletMultipartResolver
2022-09-08 10:37:20.417 DEBUG org.springframework.web.servlet.DispatcherServlet - Detected AcceptHeaderLocaleResolver
2022-09-08 10:37:20.417 DEBUG org.springframework.web.servlet.DispatcherServlet - Detected FixedThemeResolver
2022-09-08 10:37:20.417 DEBUG org.springframework.web.servlet.DispatcherServlet - Detected org.springframework.web.servlet.view.DefaultRequestToViewNameTranslator@6f88bd63
2022-09-08 10:37:20.418 DEBUG org.springframework.web.servlet.DispatcherServlet - Detected org.springframework.web.servlet.support.SessionFlashMapManager@77fbb05b
2022-09-08 10:37:20.418 DEBUG org.springframework.web.servlet.DispatcherServlet - enableLoggingRequestDetails='false': request parameters and headers will be masked to prevent unsafe logging of potentially sensitive data
2022-09-08 10:37:20.418 INFO  org.springframework.web.servlet.DispatcherServlet - Completed initialization in 1 ms
2022-09-08 10:37:20.424 DEBUG org.springframework.web.servlet.DispatcherServlet - GET "/itext/api/exportPdf", parameters={}
2022-09-08 10:37:20.428 DEBUG org.springframework.web.servlet.mvc.method.annotation.RequestMappingHandlerMapping - Mapped to com.itext.controller.ApiController#exportPdf()
2022-09-08 10:37:20.433 INFO  com.itext.controller.ApiController - aaaa
2022-09-08 10:37:20.697 DEBUG org.springframework.web.servlet.DispatcherServlet - Failed to complete request: java.lang.NullPointerException: Cannot invoke "java.util.Map.size()" because "cmap" is null
2022-09-08 10:37:20.698 ERROR org.apache.catalina.core.ContainerBase.[Tomcat].[localhost].[/itext].[dispatcherServlet] - Servlet.service() for servlet [dispatcherServlet] in context with path [/itext] threw exception [Request processing failed; nested exception is java.lang.NullPointerException: Cannot invoke "java.util.Map.size()" because "cmap" is null] with root cause
java.lang.NullPointerException: Cannot invoke "java.util.Map.size()" because "cmap" is null
	at com.itextpdf.io.font.TrueTypeFont.initializeFontProperties(TrueTypeFont.java:323) ~[io-7.2.2.jar:?]
	at com.itextpdf.io.font.TrueTypeFont.<init>(TrueTypeFont.java:94) ~[io-7.2.2.jar:?]
	at com.itextpdf.io.font.TrueTypeFont.<init>(TrueTypeFont.java:102) ~[io-7.2.2.jar:?]
	at com.itextpdf.io.font.FontProgramFactory.createFont(FontProgramFactory.java:210) ~[io-7.2.2.jar:?]
	at com.itextpdf.io.font.FontProgramFactory.createFont(FontProgramFactory.java:118) ~[io-7.2.2.jar:?]
	at com.itextpdf.layout.font.FontProvider.getPdfFont(FontProvider.java:519) ~[layout-7.2.2.jar:?]
	at com.itextpdf.layout.font.FontSelectorStrategy.getPdfFont(FontSelectorStrategy.java:84) ~[layout-7.2.2.jar:?]
	at com.itextpdf.layout.font.ComplexFontSelectorStrategy.nextGlyphs(ComplexFontSelectorStrategy.java:91) ~[layout-7.2.2.jar:?]
	at com.itextpdf.layout.renderer.TextRenderer.resolveFonts(TextRenderer.java:1547) ~[layout-7.2.2.jar:?]
	at com.itextpdf.layout.renderer.LineRenderer.resolveChildrenFonts(LineRenderer.java:1522) ~[layout-7.2.2.jar:?]
	at com.itextpdf.layout.renderer.LineRenderer.layout(LineRenderer.java:172) ~[layout-7.2.2.jar:?]
	at com.itextpdf.layout.renderer.ParagraphRenderer.directLayout(ParagraphRenderer.java:234) ~[layout-7.2.2.jar:?]
	at com.itextpdf.layout.renderer.ParagraphRenderer.layout(ParagraphRenderer.java:106) ~[layout-7.2.2.jar:?]
	at com.itextpdf.layout.renderer.BlockRenderer.layout(BlockRenderer.java:243) ~[layout-7.2.2.jar:?]
	at com.itextpdf.layout.renderer.LineRenderer.layout(LineRenderer.java:274) ~[layout-7.2.2.jar:?]
	at com.itextpdf.layout.renderer.ParagraphRenderer.directLayout(ParagraphRenderer.java:234) ~[layout-7.2.2.jar:?]
	at com.itextpdf.layout.renderer.ParagraphRenderer.layout(ParagraphRenderer.java:106) ~[layout-7.2.2.jar:?]
	at com.itextpdf.layout.renderer.ParagraphRenderer.getMinMaxWidth(ParagraphRenderer.java:656) ~[layout-7.2.2.jar:?]
	at com.itextpdf.layout.renderer.BlockRenderer.getMinMaxWidth(BlockRenderer.java:1010) ~[layout-7.2.2.jar:?]
	at com.itextpdf.layout.renderer.TableWidths.calculateMinMaxWidths(TableWidths.java:659) ~[layout-7.2.2.jar:?]
	at com.itextpdf.layout.renderer.TableWidths.autoLayout(TableWidths.java:115) ~[layout-7.2.2.jar:?]
	at com.itextpdf.layout.renderer.TableWidths.layout(TableWidths.java:104) ~[layout-7.2.2.jar:?]
	at com.itextpdf.layout.renderer.TableRenderer.calculateColumnWidths(TableRenderer.java:1860) ~[layout-7.2.2.jar:?]
	at com.itextpdf.layout.renderer.TableRenderer.applyMarginsAndPaddingsAndCalculateColumnWidths(TableRenderer.java:2000) ~[layout-7.2.2.jar:?]
	at com.itextpdf.layout.renderer.TableRenderer.layout(TableRenderer.java:323) ~[layout-7.2.2.jar:?]
	at com.itextpdf.layout.renderer.BlockRenderer.layout(BlockRenderer.java:243) ~[layout-7.2.2.jar:?]
	at com.itextpdf.layout.renderer.RootRenderer.addChild(RootRenderer.java:141) ~[layout-7.2.2.jar:?]
	at com.itextpdf.layout.RootElement.createAndAddRendererSubTree(RootElement.java:367) ~[layout-7.2.2.jar:?]
	at com.itextpdf.layout.RootElement.addElement(RootElement.java:376) ~[layout-7.2.2.jar:?]
	at com.itextpdf.layout.RootElement.add(RootElement.java:105) ~[layout-7.2.2.jar:?]
	at com.itextpdf.layout.Document.add(Document.java:140) ~[layout-7.2.2.jar:?]
	at com.itext.pdf.service.PdfService.buildPartB(PdfService.kt:208) ~[main/:?]
	at com.itext.pdf.PDFGenerator.getPdfReport(PDFGenerator.kt:39) ~[main/:?]
	at com.itext.controller.ApiController.exportPdf(ApiController.kt:59) ~[main/:?]
	at jdk.internal.reflect.NativeMethodAccessorImpl.invoke0(Native Method) ~[?:?]
	at jdk.internal.reflect.NativeMethodAccessorImpl.invoke(NativeMethodAccessorImpl.java:77) ~[?:?]
	at jdk.internal.reflect.DelegatingMethodAccessorImpl.invoke(DelegatingMethodAccessorImpl.java:43) ~[?:?]
	at java.lang.reflect.Method.invoke(Method.java:568) ~[?:?]
	at org.springframework.web.method.support.InvocableHandlerMethod.doInvoke(InvocableHandlerMethod.java:205) ~[spring-web-5.3.22.jar:5.3.22]
	at org.springframework.web.method.support.InvocableHandlerMethod.invokeForRequest(InvocableHandlerMethod.java:150) ~[spring-web-5.3.22.jar:5.3.22]
	at org.springframework.web.servlet.mvc.method.annotation.ServletInvocableHandlerMethod.invokeAndHandle(ServletInvocableHandlerMethod.java:117) ~[spring-webmvc-5.3.22.jar:5.3.22]
	at org.springframework.web.servlet.mvc.method.annotation.RequestMappingHandlerAdapter.invokeHandlerMethod(RequestMappingHandlerAdapter.java:895) ~[spring-webmvc-5.3.22.jar:5.3.22]
	at org.springframework.web.servlet.mvc.method.annotation.RequestMappingHandlerAdapter.handleInternal(RequestMappingHandlerAdapter.java:808) ~[spring-webmvc-5.3.22.jar:5.3.22]
	at org.springframework.web.servlet.mvc.method.AbstractHandlerMethodAdapter.handle(AbstractHandlerMethodAdapter.java:87) ~[spring-webmvc-5.3.22.jar:5.3.22]
	at org.springframework.web.servlet.DispatcherServlet.doDispatch(DispatcherServlet.java:1070) ~[spring-webmvc-5.3.22.jar:5.3.22]
	at org.springframework.web.servlet.DispatcherServlet.doService(DispatcherServlet.java:963) ~[spring-webmvc-5.3.22.jar:5.3.22]
	at org.springframework.web.servlet.FrameworkServlet.processRequest(FrameworkServlet.java:1006) ~[spring-webmvc-5.3.22.jar:5.3.22]
	at org.springframework.web.servlet.FrameworkServlet.doGet(FrameworkServlet.java:898) ~[spring-webmvc-5.3.22.jar:5.3.22]
	at javax.servlet.http.HttpServlet.service(HttpServlet.java:655) ~[tomcat-embed-core-9.0.65.jar:4.0.FR]
	at org.springframework.web.servlet.FrameworkServlet.service(FrameworkServlet.java:883) ~[spring-webmvc-5.3.22.jar:5.3.22]
	at javax.servlet.http.HttpServlet.service(HttpServlet.java:764) ~[tomcat-embed-core-9.0.65.jar:4.0.FR]
	at org.apache.catalina.core.ApplicationFilterChain.internalDoFilter(ApplicationFilterChain.java:227) ~[tomcat-embed-core-9.0.65.jar:9.0.65]
	at org.apache.catalina.core.ApplicationFilterChain.doFilter(ApplicationFilterChain.java:162) ~[tomcat-embed-core-9.0.65.jar:9.0.65]
	at org.apache.tomcat.websocket.server.WsFilter.doFilter(WsFilter.java:53) ~[tomcat-embed-websocket-9.0.65.jar:9.0.65]
	at org.apache.catalina.core.ApplicationFilterChain.internalDoFilter(ApplicationFilterChain.java:189) ~[tomcat-embed-core-9.0.65.jar:9.0.65]
	at org.apache.catalina.core.ApplicationFilterChain.doFilter(ApplicationFilterChain.java:162) ~[tomcat-embed-core-9.0.65.jar:9.0.65]
	at org.springframework.web.filter.RequestContextFilter.doFilterInternal(RequestContextFilter.java:100) ~[spring-web-5.3.22.jar:5.3.22]
	at org.springframework.web.filter.OncePerRequestFilter.doFilter(OncePerRequestFilter.java:117) ~[spring-web-5.3.22.jar:5.3.22]
	at org.apache.catalina.core.ApplicationFilterChain.internalDoFilter(ApplicationFilterChain.java:189) ~[tomcat-embed-core-9.0.65.jar:9.0.65]
	at org.apache.catalina.core.ApplicationFilterChain.doFilter(ApplicationFilterChain.java:162) ~[tomcat-embed-core-9.0.65.jar:9.0.65]
	at org.springframework.web.filter.FormContentFilter.doFilterInternal(FormContentFilter.java:93) ~[spring-web-5.3.22.jar:5.3.22]
	at org.springframework.web.filter.OncePerRequestFilter.doFilter(OncePerRequestFilter.java:117) ~[spring-web-5.3.22.jar:5.3.22]
	at org.apache.catalina.core.ApplicationFilterChain.internalDoFilter(ApplicationFilterChain.java:189) ~[tomcat-embed-core-9.0.65.jar:9.0.65]
	at org.apache.catalina.core.ApplicationFilterChain.doFilter(ApplicationFilterChain.java:162) ~[tomcat-embed-core-9.0.65.jar:9.0.65]
	at org.springframework.web.filter.CharacterEncodingFilter.doFilterInternal(CharacterEncodingFilter.java:201) ~[spring-web-5.3.22.jar:5.3.22]
	at org.springframework.web.filter.OncePerRequestFilter.doFilter(OncePerRequestFilter.java:117) ~[spring-web-5.3.22.jar:5.3.22]
	at org.apache.catalina.core.ApplicationFilterChain.internalDoFilter(ApplicationFilterChain.java:189) ~[tomcat-embed-core-9.0.65.jar:9.0.65]
	at org.apache.catalina.core.ApplicationFilterChain.doFilter(ApplicationFilterChain.java:162) ~[tomcat-embed-core-9.0.65.jar:9.0.65]
	at org.apache.catalina.core.StandardWrapperValve.invoke(StandardWrapperValve.java:197) ~[tomcat-embed-core-9.0.65.jar:9.0.65]
	at org.apache.catalina.core.StandardContextValve.invoke(StandardContextValve.java:97) ~[tomcat-embed-core-9.0.65.jar:9.0.65]
	at org.apache.catalina.authenticator.AuthenticatorBase.invoke(AuthenticatorBase.java:541) ~[tomcat-embed-core-9.0.65.jar:9.0.65]
	at org.apache.catalina.core.StandardHostValve.invoke(StandardHostValve.java:135) ~[tomcat-embed-core-9.0.65.jar:9.0.65]
	at org.apache.catalina.valves.ErrorReportValve.invoke(ErrorReportValve.java:92) ~[tomcat-embed-core-9.0.65.jar:9.0.65]
	at org.apache.catalina.core.StandardEngineValve.invoke(StandardEngineValve.java:78) ~[tomcat-embed-core-9.0.65.jar:9.0.65]
	at org.apache.catalina.connector.CoyoteAdapter.service(CoyoteAdapter.java:360) ~[tomcat-embed-core-9.0.65.jar:9.0.65]
	at org.apache.coyote.http11.Http11Processor.service(Http11Processor.java:399) ~[tomcat-embed-core-9.0.65.jar:9.0.65]
	at org.apache.coyote.AbstractProcessorLight.process(AbstractProcessorLight.java:65) ~[tomcat-embed-core-9.0.65.jar:9.0.65]
	at org.apache.coyote.AbstractProtocol$ConnectionHandler.process(AbstractProtocol.java:890) ~[tomcat-embed-core-9.0.65.jar:9.0.65]
	at org.apache.tomcat.util.net.NioEndpoint$SocketProcessor.doRun(NioEndpoint.java:1789) ~[tomcat-embed-core-9.0.65.jar:9.0.65]
	at org.apache.tomcat.util.net.SocketProcessorBase.run(SocketProcessorBase.java:49) ~[tomcat-embed-core-9.0.65.jar:9.0.65]
	at org.apache.tomcat.util.threads.ThreadPoolExecutor.runWorker(ThreadPoolExecutor.java:1191) ~[tomcat-embed-core-9.0.65.jar:9.0.65]
	at org.apache.tomcat.util.threads.ThreadPoolExecutor$Worker.run(ThreadPoolExecutor.java:659) ~[tomcat-embed-core-9.0.65.jar:9.0.65]
	at org.apache.tomcat.util.threads.TaskThread$WrappingRunnable.run(TaskThread.java:61) ~[tomcat-embed-core-9.0.65.jar:9.0.65]
	at java.lang.Thread.run(Thread.java:833) ~[?:?]
2022-09-08 10:37:20.706 DEBUG org.springframework.web.servlet.DispatcherServlet - "ERROR" dispatch for GET "/itext/error", parameters={}
2022-09-08 10:37:20.708 DEBUG org.springframework.web.servlet.mvc.method.annotation.RequestMappingHandlerMapping - Mapped to org.springframework.boot.autoconfigure.web.servlet.error.BasicErrorController#error(HttpServletRequest)
2022-09-08 10:37:20.719 DEBUG org.springframework.web.servlet.mvc.method.annotation.HttpEntityMethodProcessor - Using 'application/json', given [*/*] and supported [application/json, application/*+json, application/json, application/*+json]
2022-09-08 10:37:20.720 DEBUG org.springframework.web.servlet.mvc.method.annotation.HttpEntityMethodProcessor - Writing [{timestamp=Thu Sep 08 10:37:20 ICT 2022, status=500, error=Internal Server Error, trace=java.lang.Nu (truncated)...]
2022-09-08 10:37:20.740 DEBUG org.springframework.web.servlet.DispatcherServlet - Exiting from "ERROR" dispatch, status 500
2022-09-08 10:37:51.055 INFO  org.springframework.nativex.NativeListener - AOT mode disabled
2022-09-08 10:37:51.112 INFO  com.itext.ItextApplicationKt - Starting ItextApplicationKt using Java 17.0.1 on MacBook-Pro-cua-dinh.local with PID 48583 (/Users/dinhhoang/Documents/Develop/projects/spring-learning/itext/build/classes/kotlin/main started by dinhhoang in /Users/dinhhoang/Documents/Develop/projects/spring-learning)
2022-09-08 10:37:51.114 INFO  com.itext.ItextApplicationKt - No active profile set, falling back to 1 default profile: "default"
2022-09-08 10:37:51.156 INFO  org.springframework.boot.devtools.env.DevToolsPropertyDefaultsPostProcessor - Devtools property defaults active! Set 'spring.devtools.add-properties' to 'false' to disable
2022-09-08 10:37:51.156 INFO  org.springframework.boot.devtools.env.DevToolsPropertyDefaultsPostProcessor - For additional web related logging consider setting the 'logging.level.web' property to 'DEBUG'
2022-09-08 10:37:51.931 INFO  org.springframework.boot.web.embedded.tomcat.TomcatWebServer - Tomcat initialized with port(s): 9091 (http)
2022-09-08 10:37:51.942 INFO  org.apache.coyote.http11.Http11NioProtocol - Initializing ProtocolHandler ["http-nio-9091"]
2022-09-08 10:37:51.943 INFO  org.apache.catalina.core.StandardService - Starting service [Tomcat]
2022-09-08 10:37:51.943 INFO  org.apache.catalina.core.StandardEngine - Starting Servlet engine: [Apache Tomcat/9.0.65]
2022-09-08 10:37:52.000 INFO  org.apache.catalina.core.ContainerBase.[Tomcat].[localhost].[/itext] - Initializing Spring embedded WebApplicationContext
2022-09-08 10:37:52.001 INFO  org.springframework.boot.web.servlet.context.ServletWebServerApplicationContext - Root WebApplicationContext: initialization completed in 844 ms
2022-09-08 10:37:52.192 DEBUG org.springframework.web.servlet.mvc.method.annotation.RequestMappingHandlerAdapter - ControllerAdvice beans: 0 @ModelAttribute, 0 @InitBinder, 1 RequestBodyAdvice, 1 ResponseBodyAdvice
2022-09-08 10:37:52.206 INFO  org.springframework.boot.autoconfigure.web.servlet.WelcomePageHandlerMapping - Adding welcome page template: index
2022-09-08 10:37:52.230 DEBUG org.springframework.web.servlet.mvc.method.annotation.RequestMappingHandlerMapping - 6 mappings in 'requestMappingHandlerMapping'
2022-09-08 10:37:52.240 DEBUG org.springframework.web.servlet.handler.SimpleUrlHandlerMapping - Patterns [/webjars/**, /**] in 'resourceHandlerMapping'
2022-09-08 10:37:52.246 DEBUG org.springframework.web.servlet.mvc.method.annotation.ExceptionHandlerExceptionResolver - ControllerAdvice beans: 0 @ExceptionHandler, 1 ResponseBodyAdvice
2022-09-08 10:37:52.310 INFO  org.springframework.boot.devtools.autoconfigure.OptionalLiveReloadServer - LiveReload server is running on port 35729
2022-09-08 10:37:52.321 INFO  org.apache.coyote.http11.Http11NioProtocol - Starting ProtocolHandler ["http-nio-9091"]
2022-09-08 10:37:52.332 INFO  org.springframework.boot.web.embedded.tomcat.TomcatWebServer - Tomcat started on port(s): 9091 (http) with context path '/itext'
2022-09-08 10:37:52.338 INFO  com.itext.ItextApplicationKt - Started ItextApplicationKt in 1.492 seconds (JVM running for 2.027)
2022-09-08 10:37:57.363 INFO  org.apache.catalina.core.ContainerBase.[Tomcat].[localhost].[/itext] - Initializing Spring DispatcherServlet 'dispatcherServlet'
2022-09-08 10:37:57.364 INFO  org.springframework.web.servlet.DispatcherServlet - Initializing Servlet 'dispatcherServlet'
2022-09-08 10:37:57.364 DEBUG org.springframework.web.servlet.DispatcherServlet - Detected StandardServletMultipartResolver
2022-09-08 10:37:57.364 DEBUG org.springframework.web.servlet.DispatcherServlet - Detected AcceptHeaderLocaleResolver
2022-09-08 10:37:57.364 DEBUG org.springframework.web.servlet.DispatcherServlet - Detected FixedThemeResolver
2022-09-08 10:37:57.366 DEBUG org.springframework.web.servlet.DispatcherServlet - Detected org.springframework.web.servlet.view.DefaultRequestToViewNameTranslator@79ea9e0c
2022-09-08 10:37:57.366 DEBUG org.springframework.web.servlet.DispatcherServlet - Detected org.springframework.web.servlet.support.SessionFlashMapManager@7ffca3e2
2022-09-08 10:37:57.366 DEBUG org.springframework.web.servlet.DispatcherServlet - enableLoggingRequestDetails='false': request parameters and headers will be masked to prevent unsafe logging of potentially sensitive data
2022-09-08 10:37:57.366 INFO  org.springframework.web.servlet.DispatcherServlet - Completed initialization in 2 ms
2022-09-08 10:37:57.372 DEBUG org.springframework.web.servlet.DispatcherServlet - GET "/itext/api/exportPdf", parameters={}
2022-09-08 10:37:57.380 DEBUG org.springframework.web.servlet.mvc.method.annotation.RequestMappingHandlerMapping - Mapped to com.itext.controller.ApiController#exportPdf()
2022-09-08 10:37:57.385 INFO  com.itext.controller.ApiController - aaaa
2022-09-08 10:37:57.724 ERROR com.itextpdf.io.source.ByteUtils - Attempt to process NaN in PdfNumber or when writing to PDF. Zero value will be used as a fallback.
2022-09-08 10:37:57.724 ERROR com.itextpdf.io.source.ByteUtils - Attempt to process NaN in PdfNumber or when writing to PDF. Zero value will be used as a fallback.
2022-09-08 10:37:57.724 ERROR com.itextpdf.io.source.ByteUtils - Attempt to process NaN in PdfNumber or when writing to PDF. Zero value will be used as a fallback.
2022-09-08 10:37:57.724 ERROR com.itextpdf.io.source.ByteUtils - Attempt to process NaN in PdfNumber or when writing to PDF. Zero value will be used as a fallback.
2022-09-08 10:37:57.724 ERROR com.itextpdf.io.source.ByteUtils - Attempt to process NaN in PdfNumber or when writing to PDF. Zero value will be used as a fallback.
2022-09-08 10:37:57.724 ERROR com.itextpdf.io.source.ByteUtils - Attempt to process NaN in PdfNumber or when writing to PDF. Zero value will be used as a fallback.
2022-09-08 10:37:57.725 ERROR com.itextpdf.io.source.ByteUtils - Attempt to process NaN in PdfNumber or when writing to PDF. Zero value will be used as a fallback.
2022-09-08 10:37:57.725 ERROR com.itextpdf.io.source.ByteUtils - Attempt to process NaN in PdfNumber or when writing to PDF. Zero value will be used as a fallback.
2022-09-08 10:37:57.725 ERROR com.itextpdf.io.source.ByteUtils - Attempt to process NaN in PdfNumber or when writing to PDF. Zero value will be used as a fallback.
2022-09-08 10:37:57.725 ERROR com.itextpdf.io.source.ByteUtils - Attempt to process NaN in PdfNumber or when writing to PDF. Zero value will be used as a fallback.
2022-09-08 10:37:57.725 ERROR com.itextpdf.io.source.ByteUtils - Attempt to process NaN in PdfNumber or when writing to PDF. Zero value will be used as a fallback.
2022-09-08 10:37:57.725 ERROR com.itextpdf.io.source.ByteUtils - Attempt to process NaN in PdfNumber or when writing to PDF. Zero value will be used as a fallback.
2022-09-08 10:37:57.726 ERROR com.itextpdf.io.source.ByteUtils - Attempt to process NaN in PdfNumber or when writing to PDF. Zero value will be used as a fallback.
2022-09-08 10:37:57.726 ERROR com.itextpdf.io.source.ByteUtils - Attempt to process NaN in PdfNumber or when writing to PDF. Zero value will be used as a fallback.
2022-09-08 10:37:57.726 ERROR com.itextpdf.io.source.ByteUtils - Attempt to process NaN in PdfNumber or when writing to PDF. Zero value will be used as a fallback.
2022-09-08 10:37:57.726 ERROR com.itextpdf.io.source.ByteUtils - Attempt to process NaN in PdfNumber or when writing to PDF. Zero value will be used as a fallback.
2022-09-08 10:37:57.726 ERROR com.itextpdf.io.source.ByteUtils - Attempt to process NaN in PdfNumber or when writing to PDF. Zero value will be used as a fallback.
2022-09-08 10:37:57.726 ERROR com.itextpdf.io.source.ByteUtils - Attempt to process NaN in PdfNumber or when writing to PDF. Zero value will be used as a fallback.
2022-09-08 10:37:57.726 ERROR com.itextpdf.io.source.ByteUtils - Attempt to process NaN in PdfNumber or when writing to PDF. Zero value will be used as a fallback.
2022-09-08 10:37:57.726 ERROR com.itextpdf.io.source.ByteUtils - Attempt to process NaN in PdfNumber or when writing to PDF. Zero value will be used as a fallback.
2022-09-08 10:37:57.726 ERROR com.itextpdf.io.source.ByteUtils - Attempt to process NaN in PdfNumber or when writing to PDF. Zero value will be used as a fallback.
2022-09-08 10:37:57.727 ERROR com.itextpdf.io.source.ByteUtils - Attempt to process NaN in PdfNumber or when writing to PDF. Zero value will be used as a fallback.
2022-09-08 10:37:57.727 ERROR com.itextpdf.io.source.ByteUtils - Attempt to process NaN in PdfNumber or when writing to PDF. Zero value will be used as a fallback.
2022-09-08 10:37:57.727 ERROR com.itextpdf.io.source.ByteUtils - Attempt to process NaN in PdfNumber or when writing to PDF. Zero value will be used as a fallback.
2022-09-08 10:37:57.803 DEBUG org.springframework.web.servlet.mvc.method.annotation.HttpEntityMethodProcessor - Found 'Content-Type:application/pdf' in response
2022-09-08 10:37:57.803 DEBUG org.springframework.web.servlet.mvc.method.annotation.HttpEntityMethodProcessor - Writing [InputStream resource [resource loaded through InputStream]]
2022-09-08 10:37:57.808 DEBUG org.springframework.web.servlet.DispatcherServlet - Completed 200 OK
