2022-09-06 09:44:04.349 INFO  org.springframework.nativex.NativeListener - AOT mode disabled
2022-09-06 09:44:04.652 INFO  com.security.SecurityApplicationKt - Starting SecurityApplicationKt using Java 17.0.3.1 on HCMLW-dthoang1 with PID 24188 (D:\projects\spring-learning\security\build\classes\kotlin\main started by dthoang1 in D:\projects\spring-learning)
2022-09-06 09:44:04.652 INFO  com.security.SecurityApplicationKt - No active profile set, falling back to 1 default profile: "default"
2022-09-06 09:44:04.870 INFO  org.springframework.boot.devtools.env.DevToolsPropertyDefaultsPostProcessor - Devtools property defaults active! Set 'spring.devtools.add-properties' to 'false' to disable
2022-09-06 09:44:04.870 INFO  org.springframework.boot.devtools.env.DevToolsPropertyDefaultsPostProcessor - For additional web related logging consider setting the 'logging.level.web' property to 'DEBUG'
2022-09-06 09:44:08.067 INFO  org.springframework.data.repository.config.RepositoryConfigurationDelegate - Bootstrapping Spring Data JPA repositories in DEFAULT mode.
2022-09-06 09:44:08.193 INFO  org.springframework.data.repository.config.RepositoryConfigurationDelegate - Finished Spring Data repository scanning in 113 ms. Found 1 JPA repository interfaces.
2022-09-06 09:44:09.778 INFO  org.springframework.boot.web.embedded.tomcat.TomcatWebServer - Tomcat initialized with port(s): 9092 (http)
2022-09-06 09:44:09.793 INFO  org.apache.coyote.http11.Http11NioProtocol - Initializing ProtocolHandler ["http-nio-9092"]
2022-09-06 09:44:09.793 INFO  org.apache.catalina.core.StandardService - Starting service [Tomcat]
2022-09-06 09:44:09.793 INFO  org.apache.catalina.core.StandardEngine - Starting Servlet engine: [Apache Tomcat/9.0.65]
2022-09-06 09:44:09.966 INFO  org.apache.catalina.core.ContainerBase.[Tomcat].[localhost].[/security] - Initializing Spring embedded WebApplicationContext
2022-09-06 09:44:09.966 INFO  org.springframework.boot.web.servlet.context.ServletWebServerApplicationContext - Root WebApplicationContext: initialization completed in 5096 ms
2022-09-06 09:44:10.170 INFO  com.zaxxer.hikari.HikariDataSource - HikariPool-1 - Starting...
2022-09-06 09:44:10.405 INFO  com.zaxxer.hikari.HikariDataSource - HikariPool-1 - Start completed.
2022-09-06 09:44:10.437 INFO  org.springframework.boot.autoconfigure.h2.H2ConsoleAutoConfiguration - H2 console available at '/h2-console'. Database available at 'jdbc:h2:mem:testdb'
2022-09-06 09:44:10.688 WARN  org.springframework.boot.autoconfigure.orm.jpa.JpaBaseConfiguration$JpaWebConfiguration - spring.jpa.open-in-view is enabled by default. Therefore, database queries may be performed during view rendering. Explicitly configure spring.jpa.open-in-view to disable this warning
2022-09-06 09:44:10.986 INFO  org.hibernate.jpa.internal.util.LogHelper - HHH000204: Processing PersistenceUnitInfo [name: default]
2022-09-06 09:44:11.111 INFO  org.hibernate.Version - HHH000412: Hibernate ORM core version 5.6.10.Final
2022-09-06 09:44:11.567 INFO  org.hibernate.annotations.common.Version - HCANN000001: Hibernate Commons Annotations {5.1.2.Final}
2022-09-06 09:44:11.834 INFO  org.hibernate.dialect.Dialect - HHH000400: Using dialect: org.hibernate.dialect.H2Dialect
2022-09-06 09:44:13.152 INFO  org.hibernate.engine.transaction.jta.platform.internal.JtaPlatformInitiator - HHH000490: Using JtaPlatform implementation: [org.hibernate.engine.transaction.jta.platform.internal.NoJtaPlatform]
2022-09-06 09:44:13.167 INFO  org.springframework.orm.jpa.LocalContainerEntityManagerFactoryBean - Initialized JPA EntityManagerFactory for persistence unit 'default'
2022-09-06 09:44:15.960 DEBUG org.springframework.web.servlet.mvc.method.annotation.RequestMappingHandlerMapping - 5 mappings in 'requestMappingHandlerMapping'
2022-09-06 09:44:16.713 DEBUG org.springframework.security.web.access.expression.ExpressionBasedFilterInvocationSecurityMetadataSource - Adding web access control expression [permitAll] for Ant [pattern='/api/login']
2022-09-06 09:44:16.713 DEBUG org.springframework.security.web.access.expression.ExpressionBasedFilterInvocationSecurityMetadataSource - Adding web access control expression [hasRole('ROLE_ADMIN')] for Ant [pattern='/api/admin']
2022-09-06 09:44:16.729 DEBUG org.springframework.security.web.access.expression.ExpressionBasedFilterInvocationSecurityMetadataSource - Adding web access control expression [hasAnyRole('ROLE_ADMIN','ROLE_USER')] for Ant [pattern='/api/user']
2022-09-06 09:44:16.729 DEBUG org.springframework.security.web.access.expression.ExpressionBasedFilterInvocationSecurityMetadataSource - Adding web access control expression [authenticated] for any request
2022-09-06 09:44:16.792 INFO  org.springframework.security.web.DefaultSecurityFilterChain - Will secure any request with [org.springframework.security.web.session.DisableEncodeUrlFilter@48d3d8f5, org.springframework.security.web.context.request.async.WebAsyncManagerIntegrationFilter@b28002, org.springframework.security.web.context.SecurityContextPersistenceFilter@3622a5d8, org.springframework.security.web.header.HeaderWriterFilter@12c5cb7b, org.springframework.web.filter.CorsFilter@777c216f, org.springframework.security.web.authentication.logout.LogoutFilter@36c44a6b, com.security.config.jwt.AuthTokenFilter@6226aac3, org.springframework.security.web.savedrequest.RequestCacheAwareFilter@1dd63949, org.springframework.security.web.servletapi.SecurityContextHolderAwareRequestFilter@70be56d2, org.springframework.security.web.authentication.AnonymousAuthenticationFilter@653939ec, org.springframework.security.web.session.SessionManagementFilter@74d31f4b, org.springframework.security.web.access.ExceptionTranslationFilter@1b206b53, org.springframework.security.web.access.intercept.FilterSecurityInterceptor@2f889a92]
2022-09-06 09:44:17.011 DEBUG org.springframework.web.servlet.mvc.method.annotation.RequestMappingHandlerAdapter - ControllerAdvice beans: 0 @ModelAttribute, 0 @InitBinder, 1 RequestBodyAdvice, 1 ResponseBodyAdvice
2022-09-06 09:44:17.105 DEBUG org.springframework.web.servlet.mvc.method.annotation.ExceptionHandlerExceptionResolver - ControllerAdvice beans: 2 @ExceptionHandler, 1 ResponseBodyAdvice
2022-09-06 09:44:18.345 INFO  org.springframework.boot.devtools.autoconfigure.OptionalLiveReloadServer - LiveReload server is running on port 35729
2022-09-06 09:44:18.392 INFO  org.apache.coyote.http11.Http11NioProtocol - Starting ProtocolHandler ["http-nio-9092"]
2022-09-06 09:44:18.442 INFO  org.springframework.boot.web.embedded.tomcat.TomcatWebServer - Tomcat started on port(s): 9092 (http) with context path '/security'
2022-09-06 09:44:18.467 INFO  com.security.SecurityApplicationKt - Started SecurityApplicationKt in 15.108 seconds (JVM running for 21.002)
2022-09-06 09:44:49.045 INFO  org.springframework.orm.jpa.LocalContainerEntityManagerFactoryBean - Closing JPA EntityManagerFactory for persistence unit 'default'
2022-09-06 09:44:49.045 INFO  org.hibernate.tool.schema.internal.SchemaDropperImpl$DelayedDropActionImpl - HHH000477: Starting delayed evictData of schema as part of SessionFactory shut-down'
2022-09-06 09:44:49.296 WARN  org.springframework.beans.factory.support.DisposableBeanAdapter - Invocation of destroy method failed on bean with name 'inMemoryDatabaseShutdownExecutor': org.h2.jdbc.JdbcSQLNonTransientConnectionException: Database is already closed (to disable automatic closing at VM shutdown, add ";DB_CLOSE_ON_EXIT=FALSE" to the db URL) [90121-214]
2022-09-06 09:44:49.316 INFO  com.zaxxer.hikari.HikariDataSource - HikariPool-1 - Shutdown initiated...
2022-09-06 09:44:49.359 INFO  com.zaxxer.hikari.HikariDataSource - HikariPool-1 - Shutdown completed.
2022-09-06 15:50:05.016 INFO  org.springframework.nativex.NativeListener - AOT mode disabled
2022-09-06 15:50:05.132 INFO  com.security.SecurityApplicationKt - Starting SecurityApplicationKt using Java 17.0.3.1 on HCMLW-dthoang1 with PID 20732 (D:\projects\spring-learning\security\build\classes\kotlin\main started by dthoang1 in D:\projects\spring-learning)
2022-09-06 15:50:05.132 INFO  com.security.SecurityApplicationKt - No active profile set, falling back to 1 default profile: "default"
2022-09-06 15:50:05.218 INFO  org.springframework.boot.devtools.env.DevToolsPropertyDefaultsPostProcessor - Devtools property defaults active! Set 'spring.devtools.add-properties' to 'false' to disable
2022-09-06 15:50:05.218 INFO  org.springframework.boot.devtools.env.DevToolsPropertyDefaultsPostProcessor - For additional web related logging consider setting the 'logging.level.web' property to 'DEBUG'
2022-09-06 15:50:06.658 INFO  org.springframework.data.repository.config.RepositoryConfigurationDelegate - Bootstrapping Spring Data JPA repositories in DEFAULT mode.
2022-09-06 15:50:06.752 INFO  org.springframework.data.repository.config.RepositoryConfigurationDelegate - Finished Spring Data repository scanning in 77 ms. Found 1 JPA repository interfaces.
2022-09-06 15:50:07.866 INFO  org.springframework.boot.web.embedded.tomcat.TomcatWebServer - Tomcat initialized with port(s): 9092 (http)
2022-09-06 15:50:07.886 INFO  org.apache.coyote.http11.Http11NioProtocol - Initializing ProtocolHandler ["http-nio-9092"]
2022-09-06 15:50:07.886 INFO  org.apache.catalina.core.StandardService - Starting service [Tomcat]
2022-09-06 15:50:07.886 INFO  org.apache.catalina.core.StandardEngine - Starting Servlet engine: [Apache Tomcat/9.0.65]
2022-09-06 15:50:08.039 INFO  org.apache.catalina.core.ContainerBase.[Tomcat].[localhost].[/security] - Initializing Spring embedded WebApplicationContext
2022-09-06 15:50:08.039 INFO  org.springframework.boot.web.servlet.context.ServletWebServerApplicationContext - Root WebApplicationContext: initialization completed in 2821 ms
2022-09-06 15:50:08.290 INFO  com.zaxxer.hikari.HikariDataSource - HikariPool-1 - Starting...
2022-09-06 15:50:08.666 INFO  com.zaxxer.hikari.HikariDataSource - HikariPool-1 - Start completed.
2022-09-06 15:50:08.698 INFO  org.springframework.boot.autoconfigure.h2.H2ConsoleAutoConfiguration - H2 console available at '/h2-console'. Database available at 'jdbc:h2:mem:testdb'
2022-09-06 15:50:08.980 WARN  org.springframework.boot.autoconfigure.orm.jpa.JpaBaseConfiguration$JpaWebConfiguration - spring.jpa.open-in-view is enabled by default. Therefore, database queries may be performed during view rendering. Explicitly configure spring.jpa.open-in-view to disable this warning
2022-09-06 15:50:09.231 INFO  org.hibernate.jpa.internal.util.LogHelper - HHH000204: Processing PersistenceUnitInfo [name: default]
2022-09-06 15:50:09.325 INFO  org.hibernate.Version - HHH000412: Hibernate ORM core version 5.6.10.Final
2022-09-06 15:50:09.576 INFO  org.hibernate.annotations.common.Version - HCANN000001: Hibernate Commons Annotations {5.1.2.Final}
2022-09-06 15:50:09.749 INFO  org.hibernate.dialect.Dialect - HHH000400: Using dialect: org.hibernate.dialect.H2Dialect
2022-09-06 15:50:10.644 INFO  org.hibernate.engine.transaction.jta.platform.internal.JtaPlatformInitiator - HHH000490: Using JtaPlatform implementation: [org.hibernate.engine.transaction.jta.platform.internal.NoJtaPlatform]
2022-09-06 15:50:10.659 INFO  org.springframework.orm.jpa.LocalContainerEntityManagerFactoryBean - Initialized JPA EntityManagerFactory for persistence unit 'default'
2022-09-06 15:50:12.714 DEBUG org.springframework.web.servlet.mvc.method.annotation.RequestMappingHandlerMapping - 5 mappings in 'requestMappingHandlerMapping'
2022-09-06 15:50:13.059 DEBUG org.springframework.security.web.access.expression.ExpressionBasedFilterInvocationSecurityMetadataSource - Adding web access control expression [permitAll] for Ant [pattern='/api/login']
2022-09-06 15:50:13.059 DEBUG org.springframework.security.web.access.expression.ExpressionBasedFilterInvocationSecurityMetadataSource - Adding web access control expression [hasRole('ROLE_ADMIN')] for Ant [pattern='/api/admin']
2022-09-06 15:50:13.074 DEBUG org.springframework.security.web.access.expression.ExpressionBasedFilterInvocationSecurityMetadataSource - Adding web access control expression [hasAnyRole('ROLE_ADMIN','ROLE_USER')] for Ant [pattern='/api/user']
2022-09-06 15:50:13.074 DEBUG org.springframework.security.web.access.expression.ExpressionBasedFilterInvocationSecurityMetadataSource - Adding web access control expression [authenticated] for any request
2022-09-06 15:50:13.090 INFO  org.springframework.security.web.DefaultSecurityFilterChain - Will secure any request with [org.springframework.security.web.session.DisableEncodeUrlFilter@3aa572f7, org.springframework.security.web.context.request.async.WebAsyncManagerIntegrationFilter@1536958f, org.springframework.security.web.context.SecurityContextPersistenceFilter@507e7c1, org.springframework.security.web.header.HeaderWriterFilter@4b84802a, org.springframework.web.filter.CorsFilter@6a104409, org.springframework.security.web.authentication.logout.LogoutFilter@1da9f849, com.security.config.jwt.AuthTokenFilter@662b7073, org.springframework.security.web.savedrequest.RequestCacheAwareFilter@4f04d071, org.springframework.security.web.servletapi.SecurityContextHolderAwareRequestFilter@2c0dc989, org.springframework.security.web.authentication.AnonymousAuthenticationFilter@25233e3, org.springframework.security.web.session.SessionManagementFilter@4342f1a6, org.springframework.security.web.access.ExceptionTranslationFilter@541eeba0, org.springframework.security.web.access.intercept.FilterSecurityInterceptor@6ab13b16]
2022-09-06 15:50:13.298 DEBUG org.springframework.web.servlet.mvc.method.annotation.RequestMappingHandlerAdapter - ControllerAdvice beans: 0 @ModelAttribute, 0 @InitBinder, 1 RequestBodyAdvice, 1 ResponseBodyAdvice
2022-09-06 15:50:13.379 DEBUG org.springframework.web.servlet.mvc.method.annotation.ExceptionHandlerExceptionResolver - ControllerAdvice beans: 2 @ExceptionHandler, 1 ResponseBodyAdvice
2022-09-06 15:50:14.203 INFO  org.springframework.boot.devtools.autoconfigure.OptionalLiveReloadServer - LiveReload server is running on port 35729
2022-09-06 15:50:14.250 INFO  org.apache.coyote.http11.Http11NioProtocol - Starting ProtocolHandler ["http-nio-9092"]
2022-09-06 15:50:14.281 INFO  org.springframework.boot.web.embedded.tomcat.TomcatWebServer - Tomcat started on port(s): 9092 (http) with context path '/security'
2022-09-06 15:50:14.301 INFO  com.security.SecurityApplicationKt - Started SecurityApplicationKt in 9.844 seconds (JVM running for 13.091)
2022-09-06 15:50:23.837 INFO  org.apache.catalina.core.ContainerBase.[Tomcat].[localhost].[/security] - Initializing Spring DispatcherServlet 'dispatcherServlet'
2022-09-06 15:50:23.837 INFO  org.springframework.web.servlet.DispatcherServlet - Initializing Servlet 'dispatcherServlet'
2022-09-06 15:50:23.837 DEBUG org.springframework.web.servlet.DispatcherServlet - Detected StandardServletMultipartResolver
2022-09-06 15:50:23.837 DEBUG org.springframework.web.servlet.DispatcherServlet - Detected AcceptHeaderLocaleResolver
2022-09-06 15:50:23.837 DEBUG org.springframework.web.servlet.DispatcherServlet - Detected FixedThemeResolver
2022-09-06 15:50:23.852 DEBUG org.springframework.web.servlet.DispatcherServlet - Detected org.springframework.web.servlet.view.DefaultRequestToViewNameTranslator@371c6607
2022-09-06 15:50:23.852 DEBUG org.springframework.web.servlet.DispatcherServlet - Detected org.springframework.web.servlet.support.SessionFlashMapManager@132abe00
2022-09-06 15:50:23.852 DEBUG org.springframework.web.servlet.DispatcherServlet - enableLoggingRequestDetails='false': request parameters and headers will be masked to prevent unsafe logging of potentially sensitive data
2022-09-06 15:50:23.852 INFO  org.springframework.web.servlet.DispatcherServlet - Completed initialization in 15 ms
2022-09-06 15:50:23.852 DEBUG org.springframework.security.web.FilterChainProxy - Securing GET /api/admin?status=error
2022-09-06 15:50:23.868 DEBUG org.springframework.security.web.context.SecurityContextPersistenceFilter - Set SecurityContextHolder to empty SecurityContext
2022-09-06 15:50:23.884 DEBUG org.springframework.web.servlet.mvc.method.annotation.RequestMappingHandlerMapping - Mapped to com.security.controller.ApiController#admin(String)
2022-09-06 15:50:23.884 ERROR com.security.config.jwt.AuthTokenFilter - Cannot set user authentication: {}
java.lang.Exception: Missing bearer token
	at com.security.config.jwt.JwtUtils.parseJwt(JwtUtils.kt:33) ~[main/:?]
	at com.security.config.jwt.AuthTokenFilter.doFilterInternal(AuthTokenFilter.kt:34) ~[main/:?]
	at org.springframework.web.filter.OncePerRequestFilter.doFilter(OncePerRequestFilter.java:117) ~[spring-web-5.3.22.jar:5.3.22]
	at org.springframework.security.web.FilterChainProxy$VirtualFilterChain.doFilter(FilterChainProxy.java:346) ~[spring-security-web-5.7.3.jar:5.7.3]
	at org.springframework.security.web.authentication.logout.LogoutFilter.doFilter(LogoutFilter.java:103) ~[spring-security-web-5.7.3.jar:5.7.3]
	at org.springframework.security.web.authentication.logout.LogoutFilter.doFilter(LogoutFilter.java:89) ~[spring-security-web-5.7.3.jar:5.7.3]
	at org.springframework.security.web.FilterChainProxy$VirtualFilterChain.doFilter(FilterChainProxy.java:346) ~[spring-security-web-5.7.3.jar:5.7.3]
	at org.springframework.web.filter.CorsFilter.doFilterInternal(CorsFilter.java:91) ~[spring-web-5.3.22.jar:5.3.22]
	at org.springframework.web.filter.OncePerRequestFilter.doFilter(OncePerRequestFilter.java:117) ~[spring-web-5.3.22.jar:5.3.22]
	at org.springframework.security.web.FilterChainProxy$VirtualFilterChain.doFilter(FilterChainProxy.java:346) ~[spring-security-web-5.7.3.jar:5.7.3]
	at org.springframework.security.web.header.HeaderWriterFilter.doHeadersAfter(HeaderWriterFilter.java:90) ~[spring-security-web-5.7.3.jar:5.7.3]
	at org.springframework.security.web.header.HeaderWriterFilter.doFilterInternal(HeaderWriterFilter.java:75) ~[spring-security-web-5.7.3.jar:5.7.3]
	at org.springframework.web.filter.OncePerRequestFilter.doFilter(OncePerRequestFilter.java:117) ~[spring-web-5.3.22.jar:5.3.22]
	at org.springframework.security.web.FilterChainProxy$VirtualFilterChain.doFilter(FilterChainProxy.java:346) ~[spring-security-web-5.7.3.jar:5.7.3]
	at org.springframework.security.web.context.SecurityContextPersistenceFilter.doFilter(SecurityContextPersistenceFilter.java:112) ~[spring-security-web-5.7.3.jar:5.7.3]
	at org.springframework.security.web.context.SecurityContextPersistenceFilter.doFilter(SecurityContextPersistenceFilter.java:82) ~[spring-security-web-5.7.3.jar:5.7.3]
	at org.springframework.security.web.FilterChainProxy$VirtualFilterChain.doFilter(FilterChainProxy.java:346) ~[spring-security-web-5.7.3.jar:5.7.3]
	at org.springframework.security.web.context.request.async.WebAsyncManagerIntegrationFilter.doFilterInternal(WebAsyncManagerIntegrationFilter.java:55) ~[spring-security-web-5.7.3.jar:5.7.3]
	at org.springframework.web.filter.OncePerRequestFilter.doFilter(OncePerRequestFilter.java:117) ~[spring-web-5.3.22.jar:5.3.22]
	at org.springframework.security.web.FilterChainProxy$VirtualFilterChain.doFilter(FilterChainProxy.java:346) ~[spring-security-web-5.7.3.jar:5.7.3]
	at org.springframework.security.web.session.DisableEncodeUrlFilter.doFilterInternal(DisableEncodeUrlFilter.java:42) ~[spring-security-web-5.7.3.jar:5.7.3]
	at org.springframework.web.filter.OncePerRequestFilter.doFilter(OncePerRequestFilter.java:117) ~[spring-web-5.3.22.jar:5.3.22]
	at org.springframework.security.web.FilterChainProxy$VirtualFilterChain.doFilter(FilterChainProxy.java:346) ~[spring-security-web-5.7.3.jar:5.7.3]
	at org.springframework.security.web.FilterChainProxy.doFilterInternal(FilterChainProxy.java:221) ~[spring-security-web-5.7.3.jar:5.7.3]
	at org.springframework.security.web.FilterChainProxy.doFilter(FilterChainProxy.java:186) ~[spring-security-web-5.7.3.jar:5.7.3]
	at org.springframework.web.filter.DelegatingFilterProxy.invokeDelegate(DelegatingFilterProxy.java:354) ~[spring-web-5.3.22.jar:5.3.22]
	at org.springframework.web.filter.DelegatingFilterProxy.doFilter(DelegatingFilterProxy.java:267) ~[spring-web-5.3.22.jar:5.3.22]
	at org.apache.catalina.core.ApplicationFilterChain.internalDoFilter(ApplicationFilterChain.java:189) ~[tomcat-embed-core-9.0.65.jar:9.0.65]
	at org.apache.catalina.core.ApplicationFilterChain.doFilter(ApplicationFilterChain.java:162) ~[tomcat-embed-core-9.0.65.jar:9.0.65]
	at org.springframework.web.filter.CharacterEncodingFilter.doFilterInternal(CharacterEncodingFilter.java:201) ~[spring-web-5.3.22.jar:5.3.22]
	at org.springframework.web.filter.OncePerRequestFilter.doFilter(OncePerRequestFilter.java:117) ~[spring-web-5.3.22.jar:5.3.22]
	at org.apache.catalina.core.ApplicationFilterChain.internalDoFilter(ApplicationFilterChain.java:189) ~[tomcat-embed-core-9.0.65.jar:9.0.65]
	at org.apache.catalina.core.ApplicationFilterChain.doFilter(ApplicationFilterChain.java:162) ~[tomcat-embed-core-9.0.65.jar:9.0.65]
	at org.apache.catalina.core.StandardWrapperValve.invoke(StandardWrapperValve.java:197) ~[tomcat-embed-core-9.0.65.jar:9.0.65]
	at org.apache.catalina.core.StandardContextValve.invoke(StandardContextValve.java:97) ~[tomcat-embed-core-9.0.65.jar:9.0.65]
	at org.apache.catalina.authenticator.AuthenticatorBase.invoke(AuthenticatorBase.java:541) ~[tomcat-embed-core-9.0.65.jar:9.0.65]
	at org.apache.catalina.core.StandardHostValve.invoke(StandardHostValve.java:135) ~[tomcat-embed-core-9.0.65.jar:9.0.65]
	at org.apache.catalina.valves.ErrorReportValve.invoke(ErrorReportValve.java:92) ~[tomcat-embed-core-9.0.65.jar:9.0.65]
	at org.apache.catalina.core.StandardEngineValve.invoke(StandardEngineValve.java:78) ~[tomcat-embed-core-9.0.65.jar:9.0.65]
	at org.apache.catalina.connector.CoyoteAdapter.service(CoyoteAdapter.java:360) ~[tomcat-embed-core-9.0.65.jar:9.0.65]
	at org.apache.coyote.http11.Http11Processor.service(Http11Processor.java:399) ~[tomcat-embed-core-9.0.65.jar:9.0.65]
	at org.apache.coyote.AbstractProcessorLight.process(AbstractProcessorLight.java:65) ~[tomcat-embed-core-9.0.65.jar:9.0.65]
	at org.apache.coyote.AbstractProtocol$ConnectionHandler.process(AbstractProtocol.java:890) ~[tomcat-embed-core-9.0.65.jar:9.0.65]
	at org.apache.tomcat.util.net.NioEndpoint$SocketProcessor.doRun(NioEndpoint.java:1789) ~[tomcat-embed-core-9.0.65.jar:9.0.65]
	at org.apache.tomcat.util.net.SocketProcessorBase.run(SocketProcessorBase.java:49) ~[tomcat-embed-core-9.0.65.jar:9.0.65]
	at org.apache.tomcat.util.threads.ThreadPoolExecutor.runWorker(ThreadPoolExecutor.java:1191) ~[tomcat-embed-core-9.0.65.jar:9.0.65]
	at org.apache.tomcat.util.threads.ThreadPoolExecutor$Worker.run(ThreadPoolExecutor.java:659) ~[tomcat-embed-core-9.0.65.jar:9.0.65]
	at org.apache.tomcat.util.threads.TaskThread$WrappingRunnable.run(TaskThread.java:61) ~[tomcat-embed-core-9.0.65.jar:9.0.65]
	at java.lang.Thread.run(Thread.java:833) ~[?:?]
2022-09-06 15:50:23.899 DEBUG org.springframework.security.web.authentication.AnonymousAuthenticationFilter - Set SecurityContextHolder to anonymous SecurityContext
2022-09-06 15:50:23.919 DEBUG org.springframework.security.web.access.intercept.FilterSecurityInterceptor - Failed to authorize filter invocation [GET /api/admin?status=error] with attributes [hasRole('ROLE_ADMIN')]
2022-09-06 15:50:23.919 ERROR com.security.config.jwt.AuthEntryPointJwt - Unauthorized error: Full authentication is required to access this resource
2022-09-06 15:50:23.947 DEBUG org.springframework.security.web.context.SecurityContextPersistenceFilter - Cleared SecurityContextHolder to complete request
2022-09-06 15:51:44.252 INFO  org.springframework.orm.jpa.LocalContainerEntityManagerFactoryBean - Closing JPA EntityManagerFactory for persistence unit 'default'
2022-09-06 15:51:44.252 INFO  org.hibernate.tool.schema.internal.SchemaDropperImpl$DelayedDropActionImpl - HHH000477: Starting delayed evictData of schema as part of SessionFactory shut-down'
2022-09-06 15:51:44.648 WARN  org.springframework.beans.factory.support.DisposableBeanAdapter - Invocation of destroy method failed on bean with name 'inMemoryDatabaseShutdownExecutor': org.h2.jdbc.JdbcSQLNonTransientConnectionException: Database is already closed (to disable automatic closing at VM shutdown, add ";DB_CLOSE_ON_EXIT=FALSE" to the db URL) [90121-214]
2022-09-06 15:51:44.648 INFO  com.zaxxer.hikari.HikariDataSource - HikariPool-1 - Shutdown initiated...
2022-09-06 15:51:44.648 INFO  com.zaxxer.hikari.HikariDataSource - HikariPool-1 - Shutdown completed.
